{"numTotalTestSuites":190,"numPassedTestSuites":150,"numFailedTestSuites":38,"numPendingTestSuites":2,"numTotalTests":453,"numPassedTests":394,"numFailedTests":52,"numPendingTests":1,"numTodoTests":4,"snapshot":{"added":0,"failure":false,"filesAdded":0,"filesRemoved":0,"filesRemovedList":[],"filesUnmatched":0,"filesUpdated":0,"matched":0,"total":0,"unchecked":0,"uncheckedKeysByFile":[],"unmatched":0,"updated":0,"didUpdate":false},"startTime":1783904193938,"success":false,"testResults":[{"assertionResults":[{"ancestorTitles":["AuthContext"],"fullName":"AuthContext starts with loading=true and resolves to null session","status":"passed","title":"starts with loading=true and resolves to null session","duration":90.10350000000017,"failureMessages":[],"meta":{}},{"ancestorTitles":["AuthContext"],"fullName":"AuthContext signUp calls supabase.auth.signUp with email redirect","status":"passed","title":"signUp calls supabase.auth.signUp with email redirect","duration":79.18900000000008,"failureMessages":[],"meta":{}},{"ancestorTitles":["AuthContext"],"fullName":"AuthContext signUp returns error on failure","status":"passed","title":"signUp returns error on failure","duration":76.97289999999998,"failureMessages":[],"meta":{}},{"ancestorTitles":["AuthContext"],"fullName":"AuthContext signIn checks IP and signs in","status":"passed","title":"signIn checks IP and signs in","duration":78.28949999999986,"failureMessages":[],"meta":{}},{"ancestorTitles":["AuthContext"],"fullName":"AuthContext signIn blocks when IP is blocked","status":"passed","title":"signIn blocks when IP is blocked","duration":76.47900000000004,"failureMessages":[],"meta":{}},{"ancestorTitles":["AuthContext"],"fullName":"AuthContext signIn fails closed when IP verification throws","status":"passed","title":"signIn fails closed when IP verification throws","duration":76.97460000000001,"failureMessages":[],"meta":{}},{"ancestorTitles":["AuthContext"],"fullName":"AuthContext signOut clears role cache and calls supabase signOut","status":"passed","title":"signOut clears role cache and calls supabase signOut","duration":78.52040000000011,"failureMessages":[],"meta":{}},{"ancestorTitles":["AuthContext"],"fullName":"AuthContext sets user on auth state change","status":"passed","title":"sets user on auth state change","duration":77.96839999999997,"failureMessages":[],"meta":{}},{"ancestorTitles":["AuthContext"],"fullName":"AuthContext throwing useAuth outside provider gives error","status":"passed","title":"throwing useAuth outside provider gives error","duration":10.909400000000005,"failureMessages":[],"meta":{}}],"startTime":1783904205153,"endTime":1783904205798.9094,"status":"passed","message":"","name":"C:/Users/khamis/Documents/nutrio/src/contexts/AuthContext.test.tsx"},{"assertionResults":[{"ancestorTitles":["ActiveOrderBanner"],"fullName":"ActiveOrderBanner returns null when loading with no orders","status":"passed","title":"returns null when loading with no orders","duration":30.213999999999942,"failureMessages":[],"meta":{}},{"ancestorTitles":["ActiveOrderBanner"],"fullName":"ActiveOrderBanner renders active orders with restaurant name","status":"passed","title":"renders active orders with restaurant name","duration":44.758600000000115,"failureMessages":[],"meta":{}},{"ancestorTitles":["ActiveOrderBanner"],"fullName":"ActiveOrderBanner shows cancel button for pending orders","status":"failed","title":"shows cancel button for pending orders","duration":1011.1053999999997,"failureMessages":["Error: Unable to find a label with the text of: Cancel order\n\nIgnored nodes: comments, script, style\n\u001b[36m<body>\u001b[39m\n  \u001b[36m<div>\u001b[39m\n    \u001b[36m<div\u001b[39m\n      \u001b[33mclass\u001b[39m=\u001b[32m\"space-y-4\"\u001b[39m\n    \u001b[36m>\u001b[39m\n      \u001b[36m<div\u001b[39m\n        \u001b[33manimate\u001b[39m=\u001b[32m\"[object Object]\"\u001b[39m\n        \u001b[33mclass\u001b[39m=\u001b[32m\"flex items-center justify-between\"\u001b[39m\n        \u001b[33minitial\u001b[39m=\u001b[32m\"[object Object]\"\u001b[39m\n      \u001b[36m>\u001b[39m\n        \u001b[36m<h3\u001b[39m\n          \u001b[33mclass\u001b[39m=\u001b[32m\"font-semibold text-base flex items-center gap-2 text-slate-800\"\u001b[39m\n        \u001b[36m>\u001b[39m\n          \u001b[36m<span\u001b[39m\n            \u001b[33mclass\u001b[39m=\u001b[32m\"text-emerald-600\"\u001b[39m\n          \u001b[36m>\u001b[39m\n            \u001b[36m<svg\u001b[39m\n              \u001b[33mclass\u001b[39m=\u001b[32m\"lucide lucide-utensils w-5 h-5\"\u001b[39m\n              \u001b[33mfill\u001b[39m=\u001b[32m\"none\"\u001b[39m\n              \u001b[33mheight\u001b[39m=\u001b[32m\"24\"\u001b[39m\n              \u001b[33mstroke\u001b[39m=\u001b[32m\"currentColor\"\u001b[39m\n              \u001b[33mstroke-linecap\u001b[39m=\u001b[32m\"round\"\u001b[39m\n              \u001b[33mstroke-linejoin\u001b[39m=\u001b[32m\"round\"\u001b[39m\n              \u001b[33mstroke-width\u001b[39m=\u001b[32m\"2\"\u001b[39m\n              \u001b[33mviewBox\u001b[39m=\u001b[32m\"0 0 24 24\"\u001b[39m\n              \u001b[33mwidth\u001b[39m=\u001b[32m\"24\"\u001b[39m\n              \u001b[33mxmlns\u001b[39m=\u001b[32m\"http://www.w3.org/2000/svg\"\u001b[39m\n            \u001b[36m>\u001b[39m\n              \u001b[36m<path\u001b[39m\n                \u001b[33md\u001b[39m=\u001b[32m\"M3 2v7c0 1.1.9 2 2 2h4a2 2 0 0 0 2-2V2\"\u001b[39m\n              \u001b[36m/>\u001b[39m\n              \u001b[36m<path\u001b[39m\n                \u001b[33md\u001b[39m=\u001b[32m\"M7 2v20\"\u001b[39m\n              \u001b[36m/>\u001b[39m\n              \u001b[36m<path\u001b[39m\n                \u001b[33md\u001b[39m=\u001b[32m\"M21 15V2a5 5 0 0 0-5 5v6c0 1.1.9 2 2 2h3Zm0 0v7\"\u001b[39m\n              \u001b[36m/>\u001b[39m\n            \u001b[36m</svg>\u001b[39m\n          \u001b[36m</span>\u001b[39m\n          \u001b[0mActive Orders\u001b[0m\n          \u001b[0m (\u001b[0m\n          \u001b[0m1\u001b[0m\n          \u001b[0m)\u001b[0m\n        \u001b[36m</h3>\u001b[39m\n        \u001b[36m<a\u001b[39m\n          \u001b[33mto\u001b[39m=\u001b[32m\"/orders\"\u001b[39m\n        \u001b[36m>\u001b[39m\n          \u001b[36m<button\u001b[39m\n            \u001b[33mclass\u001b[39m=\u001b[32m\"inline-flex items-center justify-center gap-2 whitespace-nowrap duration-200 focus-visible:outline-none focus-visible:ring-2 focus-visible:ring-ring focus-visible:ring-offset-2 disabled:pointer-events-none disabled:opacity-50 [&_svg]:pointer-events-none [&_svg]:size-4 [&_svg]:shrink-0 active:scale-[0.98] rounded-md px-3.5 h-8 text-sm font-medium hover:bg-emerald-50 hover:text-emerald-700 transition-colors text-slate-600\"\u001b[39m\n          \u001b[36m>\u001b[39m\n            \u001b[0mView All\u001b[0m\n            \u001b[36m<svg\u001b[39m\n              \u001b[33mclass\u001b[39m=\u001b[32m\"lucide lucide-chevron-right w-4 h-4 ml-1\"\u001b[39m\n              \u001b[33mfill\u001b[39m=\u001b[32m\"none\"\u001b[39m\n              \u001b[33mheight\u001b[39m=\u001b[32m\"24\"\u001b[39m\n              \u001b[33mstroke\u001b[39m=\u001b[32m\"currentColor\"\u001b[39m\n              \u001b[33mstroke-linecap\u001b[39m=\u001b[32m\"round\"\u001b[39m\n              \u001b[33mstroke-linejoin\u001b[39m=\u001b[32m\"round\"\u001b[39m\n              \u001b[33mstroke-width\u001b[39m=\u001b[32m\"2\"\u001b[39m\n              \u001b[33mviewBox\u001b[39m=\u001b[32m\"0 0 24 24\"\u001b[39m\n              \u001b[33mwidth\u001b[39m=\u001b[32m\"24\"\u001b[39m\n              \u001b[33mxmlns\u001b[39m=\u001b[32m\"http://www.w3.org/2000/svg\"\u001b[39m\n            \u001b[36m>\u001b[39m\n              \u001b[36m<path\u001b[39m\n                \u001b[33md\u001b[39m=\u001b[32m\"m9 18 6-6-6-6\"\u001b[39m\n              \u001b[36m/>\u001b[39m\n            \u001b[36m</svg>\u001b[39m\n          \u001b[36m</button>\u001b[39m\n        \u001b[36m</a>\u001b[39m\n      \u001b[36m</div>\u001b[39m\n      \u001b[36m<div\u001b[39m\n        \u001b[33manimate\u001b[39m=\u001b[32m\"[object Object]\"\u001b[39m\n        \u001b[33mexit\u001b[39m=\u001b[32m\"[object Object]\"\u001b[39m\n        \u001b[33minitial\u001b[39m=\u001b[32m\"[object Object]\"\u001b[39m\n        \u001b[33mtransition\u001b[39m=\u001b[32m\"[object Object]\"\u001b[39m\n      \u001b[36m>\u001b[39m\n        \u001b[36m<a\u001b[39m\n          \u001b[33mto\u001b[39m=\u001b[32m\"/live/s1\"\u001b[39m\n        \u001b[36m>\u001b[39m\n          \u001b[36m<div\u001b[39m\n            \u001b[33mclass\u001b[39m=\u001b[32m\"group relative overflow-hidden rounded-3xl shadow-lg hover:shadow-xl transition-all duration-300 cursor-pointer bg-gradient-to-br from-white via-emerald-50/60 to-emerald-100/70 border border-emerald-100 \"\u001b[39m\n          \u001b[36m>\u001b[39m\n            \u001b[36m<div\u001b[39m\n              \u001b[33mclass\u001b[39m=\u001b[32m\"p-5\"\u001b[39m\n            \u001b[36m>\u001b[39m\n              \u001b[36m<div\u001b[39m\n                \u001b[33mclass\u001b[39m=\u001b[32m\"flex items-start justify-between mb-4\"\u001b[39m\n              \u001b[36m>\u001b[39m\n                \u001b[36m<div\u001b[39m\n                  \u001b[33mclass\u001b[39m=\u001b[32m\"flex-1 min-w-0\"\u001b[39m\n                \u001b[36m>\u001b[39m\n                  \u001b[36m<div\u001b[39m\n                    \u001b[33mclass\u001b[39m=\u001b[32m\"flex items-center gap-3 mb-3\"\u001b[39m\n                  \u001b[36m>\u001b[39m\n                    \u001b[36m<span\u001b[39m\n                      \u001b[33mclass\u001b[39m=\u001b[32m\"bg-emerald-100 text-emerald-700 font-bold text-xs px-3 py-1.5 rounded-full flex items-center gap-1.5\"\u001b[39m\n                    \u001b[36m>\u001b[39m\n                      \u001b[36m<svg\u001b[39m\n                        \u001b[33mclass\u001b[39m=\u001b[32m\"lucide lucide-clock w-3.5 h-3.5\"\u001b[39m\n                        \u001b[33mfill\u001b[39m=\u001b[32m\"none\"\u001b[39m\n                        \u001b[33mheight\u001b[39m=\u001b[32m\"24\"\u001b[39m\n                        \u001b[33mstroke\u001b[39m=\u001b[32m\"currentColor\"\u001b[39m\n                        \u001b[33mstroke-linecap\u001b[39m=\u001b[32m\"round\"\u001b[39m\n                        \u001b[33mstroke-linejoin\u001b[39m=\u001b[32m\"round\"\u001b[39m\n                        \u001b[33mstroke-width\u001b[39m=\u001b[32m\"2\"\u001b[39m\n                        \u001b[33mviewBox\u001b[39m=\u001b[32m\"0 0 24 24\"\u001b[39m\n                        \u001b[33mwidth\u001b[39m=\u001b[32m\"24\"\u001b[39m\n                        \u001b[33mxmlns\u001b[39m=\u001b[32m\"http://www.w3.org/2000/svg\"\u001b[39m\n                      \u001b[36m>\u001b[39m\n                        \u001b[36m<circle\u001b[39m\n                          \u001b[33mcx\u001b[39m=\u001b[32m\"12\"\u001b[39m\n                          \u001b[33mcy\u001b[39m=\u001b[32m\"12\"\u001b[39m\n                          \u001b[33mr\u001b[39m=\u001b[32m\"10\"\u001b[39m\n                        \u001b[36m/>\u001b[39m\n                        \u001b[36m<polyline\u001b[39m\n                          \u001b[33mpoints\u001b[39m=\u001b[32m\"12 6 12 12 16 14\"\u001b[39m\n                        \u001b[36m/>\u001b[39m\n                      \u001b[36m</svg>\u001b[39m\n                      \u001b[0mPending\u001b[0m\n                    \u001b[36m</span>\u001b[39m\n                    \u001b[36m<span\u001b[39m\n                      \u001b[33mclass\u001b[39m=\u001b[32m\"text-sm text-slate-500 font-medium\"\u001b[39m\n                    \u001b[36m>\u001b[39m\n                      \u001b[0mEst. Apr 15\u001b[0m\n                    \u001b[36m</span>\u001b[39m\n                  \u001b[36m</div>\u001b[39m\n                  \u001b[36m<h4\u001b[39m\n                    \u001b[33mclass\u001b[39m=\u001b[32m\"font-bold text-xl text-emerald-950 mb-2\"\u001b[39m\n                  \u001b[36m>\u001b[39m\n                    \u001b[0mTest Restaurant\u001b[0m\n                  \u001b[36m</h4>\u001b[39m\n                  \u001b[36m<div\u001b[39m\n                    \u001b[33mclass\u001b[39m=\u001b[32m\"space-y-1\"\u001b[39m\n                  \u001b[36m>\u001b[39m\n                    \u001b[36m<p\u001b[39m\n                      \u001b[33mclass\u001b[39m=\u001b[32m\"text-sm text-emerald-900/70 flex items-center font-medium\"\u001b[39m\n                    \u001b[36m>\u001b[39m\n                      \u001b[36m<span\u001b[39m\n                        \u001b[33mclass\u001b[39m=\u001b[32m\"mr-2\"\u001b[39m\n                      \u001b[36m>\u001b[39m\n                        \u001b[0m•\u001b[0m\n                      \u001b[36m</span>\u001b[39m\n                      \u001b[36m<span\u001b[39m\n                        \u001b[33mclass\u001b[39m=\u001b[32m\"inline-flex items-center justify-center w-5 h-5 rounded-full bg-gradient-to-br from-orange-100 to-emerald-100 text-xs mr-2\"\u001b[39m\n           ...\n    at Proxy.waitForWrapper (C:\\Users\\khamis\\Documents\\nutrio\\node_modules\\@testing-library\\dom\\dist\\wait-for.js:163:27)\n    at C:/Users/khamis/Documents/nutrio/src/components/ActiveOrderBanner.test.tsx:186:11\n    at file:///C:/Users/khamis/Documents/nutrio/node_modules/@vitest/runner/dist/index.js:145:11\n    at file:///C:/Users/khamis/Documents/nutrio/node_modules/@vitest/runner/dist/index.js:915:26\n    at file:///C:/Users/khamis/Documents/nutrio/node_modules/@vitest/runner/dist/index.js:1243:20\n    at new Promise (<anonymous>)\n    at runWithTimeout (file:///C:/Users/khamis/Documents/nutrio/node_modules/@vitest/runner/dist/index.js:1209:10)\n    at file:///C:/Users/khamis/Documents/nutrio/node_modules/@vitest/runner/dist/index.js:1653:37\n    at Traces.$ (file:///C:/Users/khamis/Documents/nutrio/node_modules/vitest/dist/chunks/traces.CCmnQaNT.js:142:27)\n    at trace (file:///C:/Users/khamis/Documents/nutrio/node_modules/vitest/dist/chunks/test.B8ej_ZHS.js:239:21)"],"meta":{}}],"startTime":1783904200841,"endTime":1783904201927.1055,"status":"failed","message":"","name":"C:/Users/khamis/Documents/nutrio/src/components/ActiveOrderBanner.test.tsx"},{"assertionResults":[{"ancestorTitles":["AdaptiveGoalCard"],"fullName":"AdaptiveGoalCard renders when recommendation has changes","status":"passed","title":"renders when recommendation has changes","duration":44.89760000000001,"failureMessages":[],"meta":{}},{"ancestorTitles":["AdaptiveGoalCard"],"fullName":"AdaptiveGoalCard shows plateau badge when plateau_detected is true","status":"passed","title":"shows plateau badge when plateau_detected is true","duration":8.070500000000038,"failureMessages":[],"meta":{}},{"ancestorTitles":["AdaptiveGoalCard"],"fullName":"AdaptiveGoalCard shows confidence percentage","status":"passed","title":"shows confidence percentage","duration":6.683899999999994,"failureMessages":[],"meta":{}},{"ancestorTitles":["AdaptiveGoalCard"],"fullName":"AdaptiveGoalCard shows macro changes","status":"passed","title":"shows macro changes","duration":7.719700000000103,"failureMessages":[],"meta":{}},{"ancestorTitles":["AdaptiveGoalCard"],"fullName":"AdaptiveGoalCard calls onDismiss when dismiss button clicked","status":"passed","title":"calls onDismiss when dismiss button clicked","duration":171.0854999999999,"failureMessages":[],"meta":{}},{"ancestorTitles":["AdaptiveGoalCard"],"fullName":"AdaptiveGoalCard calls onApply when apply button clicked","status":"passed","title":"calls onApply when apply button clicked","duration":63.65149999999994,"failureMessages":[],"meta":{}},{"ancestorTitles":["AdaptiveGoalCard"],"fullName":"AdaptiveGoalCard shows great progress card when no changes needed","status":"passed","title":"shows great progress card when no changes needed","duration":3.3220000000001164,"failureMessages":[],"meta":{}},{"ancestorTitles":["AdaptiveGoalCard"],"fullName":"AdaptiveGoalCard returns null when recommendation is null","status":"passed","title":"returns null when recommendation is null","duration":1.0621000000001004,"failureMessages":[],"meta":{}},{"ancestorTitles":["AdaptiveGoalCard"],"fullName":"AdaptiveGoalCard disables apply button when loading","status":"passed","title":"disables apply button when loading","duration":7.010600000000068,"failureMessages":[],"meta":{}},{"ancestorTitles":["AdaptiveGoalCard"],"fullName":"AdaptiveGoalCard disables apply button when no adjustmentId","status":"passed","title":"disables apply button when no adjustmentId","duration":5.925500000000056,"failureMessages":[],"meta":{}},{"ancestorTitles":["AdaptiveGoalCard"],"fullName":"AdaptiveGoalCard shows calorie decrease indicator with TrendingDown icon","status":"passed","title":"shows calorie decrease indicator with TrendingDown icon","duration":5.496800000000121,"failureMessages":[],"meta":{}},{"ancestorTitles":["AdaptiveGoalCard"],"fullName":"AdaptiveGoalCard shows calorie increase indicator with TrendingUp icon when calories increase","status":"passed","title":"shows calorie increase indicator with TrendingUp icon when calories increase","duration":5.417899999999918,"failureMessages":[],"meta":{}},{"ancestorTitles":["AdaptiveGoalCard"],"fullName":"AdaptiveGoalCard shows safety range text","status":"passed","title":"shows safety range text","duration":5.097999999999956,"failureMessages":[],"meta":{}},{"ancestorTitles":["AdaptiveGoalCard"],"fullName":"AdaptiveGoalCard shows macro direction indicators for protein decrease","status":"passed","title":"shows macro direction indicators for protein decrease","duration":4.942399999999907,"failureMessages":[],"meta":{}},{"ancestorTitles":["AdaptiveGoalCard"],"fullName":"AdaptiveGoalCard shows reason text","status":"passed","title":"shows reason text","duration":4.498500000000149,"failureMessages":[],"meta":{}},{"ancestorTitles":["AdaptiveGoalCard"],"fullName":"AdaptiveGoalCard shows suggested action in tip box","status":"passed","title":"shows suggested action in tip box","duration":4.227700000000141,"failureMessages":[],"meta":{}}],"startTime":1783904207606,"endTime":1783904207955.2278,"status":"passed","message":"","name":"C:/Users/khamis/Documents/nutrio/src/components/AdaptiveGoalCard.test.tsx"},{"assertionResults":[{"ancestorTitles":["BarcodeScanner"],"fullName":"BarcodeScanner renders nothing when isOpen is false","status":"passed","title":"renders nothing when isOpen is false","duration":10.683899999999994,"failureMessages":[],"meta":{}},{"ancestorTitles":["BarcodeScanner"],"fullName":"BarcodeScanner renders the scanner UI when open","status":"passed","title":"renders the scanner UI when open","duration":38.02590000000009,"failureMessages":[],"meta":{}},{"ancestorTitles":["BarcodeScanner"],"fullName":"BarcodeScanner shows camera permission denied state","status":"passed","title":"shows camera permission denied state","duration":20.814499999999953,"failureMessages":[],"meta":{}},{"ancestorTitles":["BarcodeScanner"],"fullName":"BarcodeScanner shows manual barcode entry section","status":"passed","title":"shows manual barcode entry section","duration":7.509200000000192,"failureMessages":[],"meta":{}},{"ancestorTitles":["BarcodeScanner"],"fullName":"BarcodeScanner shows supported formats section","status":"passed","title":"shows supported formats section","duration":5.156400000000076,"failureMessages":[],"meta":{}},{"ancestorTitles":["BarcodeScanner"],"fullName":"BarcodeScanner calls onClose when close button is clicked","status":"passed","title":"calls onClose when close button is clicked","duration":129.83899999999994,"failureMessages":[],"meta":{}},{"ancestorTitles":["BarcodeScanner"],"fullName":"BarcodeScanner calls onScan with product data when Add This Product is clicked","status":"passed","title":"calls onScan with product data when Add This Product is clicked","duration":667.6367,"failureMessages":[],"meta":{}},{"ancestorTitles":["BarcodeScanner"],"fullName":"BarcodeScanner handles edge function error gracefully","status":"passed","title":"handles edge function error gracefully","duration":7.119899999999689,"failureMessages":[],"meta":{}},{"ancestorTitles":["BarcodeScanner"],"fullName":"BarcodeScanner handles product not found response","status":"passed","title":"handles product not found response","duration":5.098700000000008,"failureMessages":[],"meta":{}},{"ancestorTitles":["BarcodeScanner"],"fullName":"BarcodeScanner displays Scan Another button after product is found","status":"passed","title":"displays Scan Another button after product is found","duration":566.1817000000001,"failureMessages":[],"meta":{}}],"startTime":1783904202472,"endTime":1783904203930.1816,"status":"passed","message":"","name":"C:/Users/khamis/Documents/nutrio/src/components/BarcodeScanner.test.tsx"},{"assertionResults":[{"ancestorTitles":["BehaviorPredictionWidget"],"fullName":"BehaviorPredictionWidget returns null when user is null","status":"passed","title":"returns null when user is null","duration":10.639299999999821,"failureMessages":[],"meta":{}},{"ancestorTitles":["BehaviorPredictionWidget"],"fullName":"BehaviorPredictionWidget returns null when dismissed recently","status":"passed","title":"returns null when dismissed recently","duration":5.783600000000206,"failureMessages":[],"meta":{}},{"ancestorTitles":["BehaviorPredictionWidget"],"fullName":"BehaviorPredictionWidget renders prediction card for high churn risk","status":"failed","title":"renders prediction card for high churn risk","duration":1011.9383000000003,"failureMessages":["Error: Unable to find an element with the text: AI Insight. This could be because the text is broken up by multiple elements. In this case, you can provide a function for your text matcher to make your matcher more flexible.\n\nIgnored nodes: comments, script, style\n\u001b[36m<body>\u001b[39m\n  \u001b[36m<div>\u001b[39m\n    \u001b[36m<div\u001b[39m\n      \u001b[33mclass\u001b[39m=\u001b[32m\"rounded-xl shadow-card border relative overflow-hidden bg-red-50 border-red-200 text-red-800\"\u001b[39m\n    \u001b[36m>\u001b[39m\n      \u001b[36m<button\u001b[39m\n        \u001b[33mclass\u001b[39m=\u001b[32m\"inline-flex items-center justify-center gap-2 whitespace-nowrap text-sm font-semibold transition-all duration-200 focus-visible:outline-none focus-visible:ring-2 focus-visible:ring-ring focus-visible:ring-offset-2 disabled:pointer-events-none disabled:opacity-50 [&_svg]:pointer-events-none [&_svg]:size-4 [&_svg]:shrink-0 active:scale-[0.98] hover:bg-accent hover:text-accent-foreground rounded-full absolute top-2 right-2 h-6 w-6 opacity-50 hover:opacity-100\"\u001b[39m\n      \u001b[36m>\u001b[39m\n        \u001b[36m<svg\u001b[39m\n          \u001b[33mclass\u001b[39m=\u001b[32m\"lucide lucide-x h-4 w-4\"\u001b[39m\n          \u001b[33mfill\u001b[39m=\u001b[32m\"none\"\u001b[39m\n          \u001b[33mheight\u001b[39m=\u001b[32m\"24\"\u001b[39m\n          \u001b[33mstroke\u001b[39m=\u001b[32m\"currentColor\"\u001b[39m\n          \u001b[33mstroke-linecap\u001b[39m=\u001b[32m\"round\"\u001b[39m\n          \u001b[33mstroke-linejoin\u001b[39m=\u001b[32m\"round\"\u001b[39m\n          \u001b[33mstroke-width\u001b[39m=\u001b[32m\"2\"\u001b[39m\n          \u001b[33mviewBox\u001b[39m=\u001b[32m\"0 0 24 24\"\u001b[39m\n          \u001b[33mwidth\u001b[39m=\u001b[32m\"24\"\u001b[39m\n          \u001b[33mxmlns\u001b[39m=\u001b[32m\"http://www.w3.org/2000/svg\"\u001b[39m\n        \u001b[36m>\u001b[39m\n          \u001b[36m<path\u001b[39m\n            \u001b[33md\u001b[39m=\u001b[32m\"M18 6 6 18\"\u001b[39m\n          \u001b[36m/>\u001b[39m\n          \u001b[36m<path\u001b[39m\n            \u001b[33md\u001b[39m=\u001b[32m\"m6 6 12 12\"\u001b[39m\n          \u001b[36m/>\u001b[39m\n        \u001b[36m</svg>\u001b[39m\n      \u001b[36m</button>\u001b[39m\n      \u001b[36m<div\u001b[39m\n        \u001b[33mclass\u001b[39m=\u001b[32m\"flex flex-col space-y-1.5 p-5 pb-2\"\u001b[39m\n      \u001b[36m>\u001b[39m\n        \u001b[36m<div\u001b[39m\n          \u001b[33mclass\u001b[39m=\u001b[32m\"flex items-center gap-2\"\u001b[39m\n        \u001b[36m>\u001b[39m\n          \u001b[36m<svg\u001b[39m\n            \u001b[33mclass\u001b[39m=\u001b[32m\"lucide lucide-brain w-5 h-5\"\u001b[39m\n            \u001b[33mfill\u001b[39m=\u001b[32m\"none\"\u001b[39m\n            \u001b[33mheight\u001b[39m=\u001b[32m\"24\"\u001b[39m\n            \u001b[33mstroke\u001b[39m=\u001b[32m\"currentColor\"\u001b[39m\n            \u001b[33mstroke-linecap\u001b[39m=\u001b[32m\"round\"\u001b[39m\n            \u001b[33mstroke-linejoin\u001b[39m=\u001b[32m\"round\"\u001b[39m\n            \u001b[33mstroke-width\u001b[39m=\u001b[32m\"2\"\u001b[39m\n            \u001b[33mviewBox\u001b[39m=\u001b[32m\"0 0 24 24\"\u001b[39m\n            \u001b[33mwidth\u001b[39m=\u001b[32m\"24\"\u001b[39m\n            \u001b[33mxmlns\u001b[39m=\u001b[32m\"http://www.w3.org/2000/svg\"\u001b[39m\n          \u001b[36m>\u001b[39m\n            \u001b[36m<path\u001b[39m\n              \u001b[33md\u001b[39m=\u001b[32m\"M12 5a3 3 0 1 0-5.997.125 4 4 0 0 0-2.526 5.77 4 4 0 0 0 .556 6.588A4 4 0 1 0 12 18Z\"\u001b[39m\n            \u001b[36m/>\u001b[39m\n            \u001b[36m<path\u001b[39m\n              \u001b[33md\u001b[39m=\u001b[32m\"M12 5a3 3 0 1 1 5.997.125 4 4 0 0 1 2.526 5.77 4 4 0 0 1-.556 6.588A4 4 0 1 1 12 18Z\"\u001b[39m\n            \u001b[36m/>\u001b[39m\n            \u001b[36m<path\u001b[39m\n              \u001b[33md\u001b[39m=\u001b[32m\"M15 13a4.5 4.5 0 0 1-3-4 4.5 4.5 0 0 1-3 4\"\u001b[39m\n            \u001b[36m/>\u001b[39m\n            \u001b[36m<path\u001b[39m\n              \u001b[33md\u001b[39m=\u001b[32m\"M17.599 6.5a3 3 0 0 0 .399-1.375\"\u001b[39m\n            \u001b[36m/>\u001b[39m\n            \u001b[36m<path\u001b[39m\n              \u001b[33md\u001b[39m=\u001b[32m\"M6.003 5.125A3 3 0 0 0 6.401 6.5\"\u001b[39m\n            \u001b[36m/>\u001b[39m\n            \u001b[36m<path\u001b[39m\n              \u001b[33md\u001b[39m=\u001b[32m\"M3.477 10.896a4 4 0 0 1 .585-.396\"\u001b[39m\n            \u001b[36m/>\u001b[39m\n            \u001b[36m<path\u001b[39m\n              \u001b[33md\u001b[39m=\u001b[32m\"M19.938 10.5a4 4 0 0 1 .585.396\"\u001b[39m\n            \u001b[36m/>\u001b[39m\n            \u001b[36m<path\u001b[39m\n              \u001b[33md\u001b[39m=\u001b[32m\"M6 18a4 4 0 0 1-1.967-.516\"\u001b[39m\n            \u001b[36m/>\u001b[39m\n            \u001b[36m<path\u001b[39m\n              \u001b[33md\u001b[39m=\u001b[32m\"M19.967 17.484A4 4 0 0 1 18 18\"\u001b[39m\n            \u001b[36m/>\u001b[39m\n          \u001b[36m</svg>\u001b[39m\n          \u001b[36m<div\u001b[39m\n            \u001b[33mclass\u001b[39m=\u001b[32m\"tracking-tight text-base font-semibold\"\u001b[39m\n          \u001b[36m>\u001b[39m\n            \u001b[0mbp_ai_insight\u001b[0m\n          \u001b[36m</div>\u001b[39m\n          \u001b[36m<div\u001b[39m\n            \u001b[33mclass\u001b[39m=\u001b[32m\"inline-flex items-center rounded-full border px-3 py-1 font-semibold transition-colors focus:outline-none focus:ring-2 focus:ring-ring focus:ring-offset-2 text-foreground border-border text-xs ml-auto\"\u001b[39m\n          \u001b[36m>\u001b[39m\n            \u001b[0m35\u001b[0m\n            \u001b[0m% \u001b[0m\n            \u001b[0mbp_engagement\u001b[0m\n          \u001b[36m</div>\u001b[39m\n        \u001b[36m</div>\u001b[39m\n      \u001b[36m</div>\u001b[39m\n      \u001b[36m<div\u001b[39m\n        \u001b[33mclass\u001b[39m=\u001b[32m\"p-5 pt-0 space-y-3\"\u001b[39m\n      \u001b[36m>\u001b[39m\n        \u001b[36m<div\u001b[39m\n          \u001b[33mclass\u001b[39m=\u001b[32m\"flex items-start gap-3\"\u001b[39m\n        \u001b[36m>\u001b[39m\n          \u001b[36m<div\u001b[39m\n            \u001b[33mclass\u001b[39m=\u001b[32m\"mt-0.5\"\u001b[39m\n          \u001b[36m>\u001b[39m\n            \u001b[36m<svg\u001b[39m\n              \u001b[33mclass\u001b[39m=\u001b[32m\"lucide lucide-triangle-alert w-5 h-5\"\u001b[39m\n              \u001b[33mfill\u001b[39m=\u001b[32m\"none\"\u001b[39m\n              \u001b[33mheight\u001b[39m=\u001b[32m\"24\"\u001b[39m\n              \u001b[33mstroke\u001b[39m=\u001b[32m\"currentColor\"\u001b[39m\n              \u001b[33mstroke-linecap\u001b[39m=\u001b[32m\"round\"\u001b[39m\n              \u001b[33mstroke-linejoin\u001b[39m=\u001b[32m\"round\"\u001b[39m\n              \u001b[33mstroke-width\u001b[39m=\u001b[32m\"2\"\u001b[39m\n              \u001b[33mviewBox\u001b[39m=\u001b[32m\"0 0 24 24\"\u001b[39m\n              \u001b[33mwidth\u001b[39m=\u001b[32m\"24\"\u001b[39m\n              \u001b[33mxmlns\u001b[39m=\u001b[32m\"http://www.w3.org/2000/svg\"\u001b[39m\n            \u001b[36m>\u001b[39m\n              \u001b[36m<path\u001b[39m\n                \u001b[33md\u001b[39m=\u001b[32m\"m21.73 18-8-14a2 2 0 0 0-3.48 0l-8 14A2 2 0 0 0 4 21h16a2 2 0 0 0 1.73-3\"\u001b[39m\n              \u001b[36m/>\u001b[39m\n              \u001b[36m<path\u001b[39m\n                \u001b[33md\u001b[39m=\u001b[32m\"M12 9v4\"\u001b[39m\n              \u001b[36m/>\u001b[39m\n              \u001b[36m<path\u001b[39m\n                \u001b[33md\u001b[39m=\u001b[32m\"M12 17h.01\"\u001b[39m\n              \u001b[36m/>\u001b[39m\n            \u001b[36m</svg>\u001b[39m\n          \u001b[36m</div>\u001b[39m\n          \u001b[36m<div>\u001b[39m\n            \u001b[36m<p\u001b[39m\n              \u001b[33mclass\u001b[39m=\u001b[32m\"font-medium\"\u001b[39m\n            \u001b[36m>\u001b[39m\n              \u001b[0mbp_we_miss_you\u001b[0m\n            \u001b[36m</p>\u001b[39m\n            \u001b[36m<p\u001b[39m\n              \u001b[33mclass\u001b[39m=\u001b[32m\"text-sm opacity-90\"\u001b[39m\n            \u001b[36m>\u001b[39m\n              \u001b[0mbp_personal_outreach_desc\u001b[0m\n            \u001b[36m</p>\u001b[39m\n          \u001b[36m</div>\u001b[39m\n        \u001b[36m</div>\u001b[39m\n      \u001b[36m</div>\u001b[39m\n    \u001b[36m</div>\u001b[39m\n  \u001b[36m</div>\u001b[39m\n\u001b[36m</body>\u001b[39m\n    at waitForWrapper (C:\\Users\\khamis\\Documents\\nutrio\\node_modules\\@testing-library\\dom\\dist\\wait-for.js:163:27)\n    at C:\\Users\\khamis\\Documents\\nutrio\\node_modules\\@testing-library\\dom\\dist\\query-helpers.js:86:33\n    at C:/Users/khamis/Documents/nutrio/src/components/BehaviorPredictionWidget.test.tsx:117:18\n    at file:///C:/Users/khamis/Documents/nutrio/node_modules/@vitest/runner/dist/index.js:145:11\n    at file:///C:/Users/khamis/Documents/nutrio/node_modules/@vitest/runner/dist/index.js:915:26\n    at file:///C:/Users/khamis/Documents/nutrio/node_modules/@vitest/runner/dist/index.js:1243:20\n    at new Promise (<anonymous>)\n    at runWithTimeout (file:///C:/Users/khamis/Documents/nutrio/node_modules/@vitest/runner/dist/index.js:1209:10)\n    at file:///C:/Users/khamis/Documents/nutrio/node_modules/@vitest/runner/dist/index.js:1653:37\n    at Traces.$ (file:///C:/Users/khamis/Documents/nutrio/node_modules/vitest/dist/chunks/traces.CCmnQaNT.js:142:27)"],"meta":{}},{"ancestorTitles":["BehaviorPredictionWidget"],"fullName":"BehaviorPredictionWidget dismisses prediction on click","status":"failed","title":"dismisses prediction on click","duration":1009.5052999999998,"failureMessages":["Error: Unable to find an element with the text: AI Insight. This could be because the text is broken up by multiple elements. In this case, you can provide a function for your text matcher to make your matcher more flexible.\n\nIgnored nodes: comments, script, style\n\u001b[36m<body>\u001b[39m\n  \u001b[36m<div>\u001b[39m\n    \u001b[36m<div\u001b[39m\n      \u001b[33mclass\u001b[39m=\u001b[32m\"rounded-xl shadow-card border relative overflow-hidden bg-purple-50 border-purple-200 text-purple-800\"\u001b[39m\n    \u001b[36m>\u001b[39m\n      \u001b[36m<button\u001b[39m\n        \u001b[33mclass\u001b[39m=\u001b[32m\"inline-flex items-center justify-center gap-2 whitespace-nowrap text-sm font-semibold transition-all duration-200 focus-visible:outline-none focus-visible:ring-2 focus-visible:ring-ring focus-visible:ring-offset-2 disabled:pointer-events-none disabled:opacity-50 [&_svg]:pointer-events-none [&_svg]:size-4 [&_svg]:shrink-0 active:scale-[0.98] hover:bg-accent hover:text-accent-foreground rounded-full absolute top-2 right-2 h-6 w-6 opacity-50 hover:opacity-100\"\u001b[39m\n      \u001b[36m>\u001b[39m\n        \u001b[36m<svg\u001b[39m\n          \u001b[33mclass\u001b[39m=\u001b[32m\"lucide lucide-x h-4 w-4\"\u001b[39m\n          \u001b[33mfill\u001b[39m=\u001b[32m\"none\"\u001b[39m\n          \u001b[33mheight\u001b[39m=\u001b[32m\"24\"\u001b[39m\n          \u001b[33mstroke\u001b[39m=\u001b[32m\"currentColor\"\u001b[39m\n          \u001b[33mstroke-linecap\u001b[39m=\u001b[32m\"round\"\u001b[39m\n          \u001b[33mstroke-linejoin\u001b[39m=\u001b[32m\"round\"\u001b[39m\n          \u001b[33mstroke-width\u001b[39m=\u001b[32m\"2\"\u001b[39m\n          \u001b[33mviewBox\u001b[39m=\u001b[32m\"0 0 24 24\"\u001b[39m\n          \u001b[33mwidth\u001b[39m=\u001b[32m\"24\"\u001b[39m\n          \u001b[33mxmlns\u001b[39m=\u001b[32m\"http://www.w3.org/2000/svg\"\u001b[39m\n        \u001b[36m>\u001b[39m\n          \u001b[36m<path\u001b[39m\n            \u001b[33md\u001b[39m=\u001b[32m\"M18 6 6 18\"\u001b[39m\n          \u001b[36m/>\u001b[39m\n          \u001b[36m<path\u001b[39m\n            \u001b[33md\u001b[39m=\u001b[32m\"m6 6 12 12\"\u001b[39m\n          \u001b[36m/>\u001b[39m\n        \u001b[36m</svg>\u001b[39m\n      \u001b[36m</button>\u001b[39m\n      \u001b[36m<div\u001b[39m\n        \u001b[33mclass\u001b[39m=\u001b[32m\"flex flex-col space-y-1.5 p-5 pb-2\"\u001b[39m\n      \u001b[36m>\u001b[39m\n        \u001b[36m<div\u001b[39m\n          \u001b[33mclass\u001b[39m=\u001b[32m\"flex items-center gap-2\"\u001b[39m\n        \u001b[36m>\u001b[39m\n          \u001b[36m<svg\u001b[39m\n            \u001b[33mclass\u001b[39m=\u001b[32m\"lucide lucide-brain w-5 h-5\"\u001b[39m\n            \u001b[33mfill\u001b[39m=\u001b[32m\"none\"\u001b[39m\n            \u001b[33mheight\u001b[39m=\u001b[32m\"24\"\u001b[39m\n            \u001b[33mstroke\u001b[39m=\u001b[32m\"currentColor\"\u001b[39m\n            \u001b[33mstroke-linecap\u001b[39m=\u001b[32m\"round\"\u001b[39m\n            \u001b[33mstroke-linejoin\u001b[39m=\u001b[32m\"round\"\u001b[39m\n            \u001b[33mstroke-width\u001b[39m=\u001b[32m\"2\"\u001b[39m\n            \u001b[33mviewBox\u001b[39m=\u001b[32m\"0 0 24 24\"\u001b[39m\n            \u001b[33mwidth\u001b[39m=\u001b[32m\"24\"\u001b[39m\n            \u001b[33mxmlns\u001b[39m=\u001b[32m\"http://www.w3.org/2000/svg\"\u001b[39m\n          \u001b[36m>\u001b[39m\n            \u001b[36m<path\u001b[39m\n              \u001b[33md\u001b[39m=\u001b[32m\"M12 5a3 3 0 1 0-5.997.125 4 4 0 0 0-2.526 5.77 4 4 0 0 0 .556 6.588A4 4 0 1 0 12 18Z\"\u001b[39m\n            \u001b[36m/>\u001b[39m\n            \u001b[36m<path\u001b[39m\n              \u001b[33md\u001b[39m=\u001b[32m\"M12 5a3 3 0 1 1 5.997.125 4 4 0 0 1 2.526 5.77 4 4 0 0 1-.556 6.588A4 4 0 1 1 12 18Z\"\u001b[39m\n            \u001b[36m/>\u001b[39m\n            \u001b[36m<path\u001b[39m\n              \u001b[33md\u001b[39m=\u001b[32m\"M15 13a4.5 4.5 0 0 1-3-4 4.5 4.5 0 0 1-3 4\"\u001b[39m\n            \u001b[36m/>\u001b[39m\n            \u001b[36m<path\u001b[39m\n              \u001b[33md\u001b[39m=\u001b[32m\"M17.599 6.5a3 3 0 0 0 .399-1.375\"\u001b[39m\n            \u001b[36m/>\u001b[39m\n            \u001b[36m<path\u001b[39m\n              \u001b[33md\u001b[39m=\u001b[32m\"M6.003 5.125A3 3 0 0 0 6.401 6.5\"\u001b[39m\n            \u001b[36m/>\u001b[39m\n            \u001b[36m<path\u001b[39m\n              \u001b[33md\u001b[39m=\u001b[32m\"M3.477 10.896a4 4 0 0 1 .585-.396\"\u001b[39m\n            \u001b[36m/>\u001b[39m\n            \u001b[36m<path\u001b[39m\n              \u001b[33md\u001b[39m=\u001b[32m\"M19.938 10.5a4 4 0 0 1 .585.396\"\u001b[39m\n            \u001b[36m/>\u001b[39m\n            \u001b[36m<path\u001b[39m\n              \u001b[33md\u001b[39m=\u001b[32m\"M6 18a4 4 0 0 1-1.967-.516\"\u001b[39m\n            \u001b[36m/>\u001b[39m\n            \u001b[36m<path\u001b[39m\n              \u001b[33md\u001b[39m=\u001b[32m\"M19.967 17.484A4 4 0 0 1 18 18\"\u001b[39m\n            \u001b[36m/>\u001b[39m\n          \u001b[36m</svg>\u001b[39m\n          \u001b[36m<div\u001b[39m\n            \u001b[33mclass\u001b[39m=\u001b[32m\"tracking-tight text-base font-semibold\"\u001b[39m\n          \u001b[36m>\u001b[39m\n            \u001b[0mbp_ai_insight\u001b[0m\n          \u001b[36m</div>\u001b[39m\n          \u001b[36m<div\u001b[39m\n            \u001b[33mclass\u001b[39m=\u001b[32m\"inline-flex items-center rounded-full border px-3 py-1 font-semibold transition-colors focus:outline-none focus:ring-2 focus:ring-ring focus:ring-offset-2 text-foreground border-border text-xs ml-auto\"\u001b[39m\n          \u001b[36m>\u001b[39m\n            \u001b[0m35\u001b[0m\n            \u001b[0m% \u001b[0m\n            \u001b[0mbp_engagement\u001b[0m\n          \u001b[36m</div>\u001b[39m\n        \u001b[36m</div>\u001b[39m\n      \u001b[36m</div>\u001b[39m\n      \u001b[36m<div\u001b[39m\n        \u001b[33mclass\u001b[39m=\u001b[32m\"p-5 pt-0 space-y-3\"\u001b[39m\n      \u001b[36m>\u001b[39m\n        \u001b[36m<div\u001b[39m\n          \u001b[33mclass\u001b[39m=\u001b[32m\"flex items-start gap-3\"\u001b[39m\n        \u001b[36m>\u001b[39m\n          \u001b[36m<div\u001b[39m\n            \u001b[33mclass\u001b[39m=\u001b[32m\"mt-0.5\"\u001b[39m\n          \u001b[36m>\u001b[39m\n            \u001b[36m<svg\u001b[39m\n              \u001b[33mclass\u001b[39m=\u001b[32m\"lucide lucide-gift w-5 h-5\"\u001b[39m\n              \u001b[33mfill\u001b[39m=\u001b[32m\"none\"\u001b[39m\n              \u001b[33mheight\u001b[39m=\u001b[32m\"24\"\u001b[39m\n              \u001b[33mstroke\u001b[39m=\u001b[32m\"currentColor\"\u001b[39m\n              \u001b[33mstroke-linecap\u001b[39m=\u001b[32m\"round\"\u001b[39m\n              \u001b[33mstroke-linejoin\u001b[39m=\u001b[32m\"round\"\u001b[39m\n              \u001b[33mstroke-width\u001b[39m=\u001b[32m\"2\"\u001b[39m\n              \u001b[33mviewBox\u001b[39m=\u001b[32m\"0 0 24 24\"\u001b[39m\n              \u001b[33mwidth\u001b[39m=\u001b[32m\"24\"\u001b[39m\n              \u001b[33mxmlns\u001b[39m=\u001b[32m\"http://www.w3.org/2000/svg\"\u001b[39m\n            \u001b[36m>\u001b[39m\n              \u001b[36m<rect\u001b[39m\n                \u001b[33mheight\u001b[39m=\u001b[32m\"4\"\u001b[39m\n                \u001b[33mrx\u001b[39m=\u001b[32m\"1\"\u001b[39m\n                \u001b[33mwidth\u001b[39m=\u001b[32m\"18\"\u001b[39m\n                \u001b[33mx\u001b[39m=\u001b[32m\"3\"\u001b[39m\n                \u001b[33my\u001b[39m=\u001b[32m\"8\"\u001b[39m\n              \u001b[36m/>\u001b[39m\n              \u001b[36m<path\u001b[39m\n                \u001b[33md\u001b[39m=\u001b[32m\"M12 8v13\"\u001b[39m\n              \u001b[36m/>\u001b[39m\n              \u001b[36m<path\u001b[39m\n                \u001b[33md\u001b[39m=\u001b[32m\"M19 12v7a2 2 0 0 1-2 2H7a2 2 0 0 1-2-2v-7\"\u001b[39m\n              \u001b[36m/>\u001b[39m\n              \u001b[36m<path\u001b[39m\n                \u001b[33md\u001b[39m=\u001b[32m\"M7.5 8a2.5 2.5 0 0 1 0-5A4.8 8 0 0 1 12 8a4.8 8 0 0 1 4.5-5 2.5 2.5 0 0 1 0 5\"\u001b[39m\n              \u001b[36m/>\u001b[39m\n            \u001b[36m</svg>\u001b[39m\n          \u001b[36m</div>\u001b[39m\n          \u001b[36m<div>\u001b[39m\n            \u001b[36m<p\u001b[39m\n              \u001b[33mclass\u001b[39m=\u001b[32m\"font-medium\"\u001b[39m\n            \u001b[36m>\u001b[39m\n              \u001b[0mbp_bonus_credit\u001b[0m\n            \u001b[36m</p>\u001b[39m\n            \u001b[36m<p\u001b[39m\n              \u001b[33mclass\u001b[39m=\u001b[32m\"text-sm opacity-90\"\u001b[39m\n            \u001b[36m>\u001b[39m\n              \u001b[0mbp_bonus_credit_desc\u001b[0m\n            \u001b[36m</p>\u001b[39m\n          \u001b[36m</div>\u001b[39m\n        \u001b[36m</div>\u001b[39m\n      \u001b[36m</div>\u001b[39m\n    \u001b[36m</div>\u001b[39m\n  \u001b[36m</div>\u001b[39m\n\u001b[36m</body>\u001b[39m\n    at waitForWrapper (C:\\Users\\khamis\\Documents\\nutrio\\node_modules\\@testing-library\\dom\\dist\\wait-for.js:163:27)\n    at C:\\Users\\khamis\\Documents\\nutrio\\node_modules\\@testing-library\\dom\\dist\\query-helpers.js:86:33\n    at C:/Users/khamis/Documents/nutrio/src/components/BehaviorPredictionWidget.test.tsx:153:18\n    at file:///C:/Users/khamis/Documents/nutrio/node_modules/@vitest/runner/dist/index.js:145:11\n    at file:///C:/Users/khamis/Documents/nutrio/node_modules/@vitest/runner/dist/index.js:915:26\n    at file:///C:/Users/khamis/Documents/nutrio/node_modules/@vitest/runner/dist/index.js:1243:20\n    at new Promise (<anonymous>)\n    at runWithTimeout (file:///C:/Users/khamis/Documents/nutrio/node_modules/@vitest/runner/dist/index.js:1209:10)\n    at file:///C:/Users/khamis/Documents/nutrio/node_modules/@vitest/runner/dist/index.js:1653:37\n    at Traces.$ (file:///C:/Users/khamis/Documents/nutrio/node_modules/vitest/dist/chunks/traces.CCmnQaNT.js:142:27)"],"meta":{}},{"ancestorTitles":["BehaviorPredictionWidget"],"fullName":"BehaviorPredictionWidget does not show for low-risk predictions","status":"passed","title":"does not show for low-risk predictions","duration":113.63409999999931,"failureMessages":[],"meta":{}},{"ancestorTitles":["BehaviorPredictionWidget"],"fullName":"BehaviorPredictionWidget shows churn risk indicator for high churn","status":"failed","title":"shows churn risk indicator for high churn","duration":1014.6302000000005,"failureMessages":["Error: Unable to find an element with the text: AI Insight. This could be because the text is broken up by multiple elements. In this case, you can provide a function for your text matcher to make your matcher more flexible.\n\nIgnored nodes: comments, script, style\n\u001b[36m<body>\u001b[39m\n  \u001b[36m<div>\u001b[39m\n    \u001b[36m<div\u001b[39m\n      \u001b[33mclass\u001b[39m=\u001b[32m\"rounded-xl shadow-card border relative overflow-hidden bg-red-50 border-red-200 text-red-800\"\u001b[39m\n    \u001b[36m>\u001b[39m\n      \u001b[36m<button\u001b[39m\n        \u001b[33mclass\u001b[39m=\u001b[32m\"inline-flex items-center justify-center gap-2 whitespace-nowrap text-sm font-semibold transition-all duration-200 focus-visible:outline-none focus-visible:ring-2 focus-visible:ring-ring focus-visible:ring-offset-2 disabled:pointer-events-none disabled:opacity-50 [&_svg]:pointer-events-none [&_svg]:size-4 [&_svg]:shrink-0 active:scale-[0.98] hover:bg-accent hover:text-accent-foreground rounded-full absolute top-2 right-2 h-6 w-6 opacity-50 hover:opacity-100\"\u001b[39m\n      \u001b[36m>\u001b[39m\n        \u001b[36m<svg\u001b[39m\n          \u001b[33mclass\u001b[39m=\u001b[32m\"lucide lucide-x h-4 w-4\"\u001b[39m\n          \u001b[33mfill\u001b[39m=\u001b[32m\"none\"\u001b[39m\n          \u001b[33mheight\u001b[39m=\u001b[32m\"24\"\u001b[39m\n          \u001b[33mstroke\u001b[39m=\u001b[32m\"currentColor\"\u001b[39m\n          \u001b[33mstroke-linecap\u001b[39m=\u001b[32m\"round\"\u001b[39m\n          \u001b[33mstroke-linejoin\u001b[39m=\u001b[32m\"round\"\u001b[39m\n          \u001b[33mstroke-width\u001b[39m=\u001b[32m\"2\"\u001b[39m\n          \u001b[33mviewBox\u001b[39m=\u001b[32m\"0 0 24 24\"\u001b[39m\n          \u001b[33mwidth\u001b[39m=\u001b[32m\"24\"\u001b[39m\n          \u001b[33mxmlns\u001b[39m=\u001b[32m\"http://www.w3.org/2000/svg\"\u001b[39m\n        \u001b[36m>\u001b[39m\n          \u001b[36m<path\u001b[39m\n            \u001b[33md\u001b[39m=\u001b[32m\"M18 6 6 18\"\u001b[39m\n          \u001b[36m/>\u001b[39m\n          \u001b[36m<path\u001b[39m\n            \u001b[33md\u001b[39m=\u001b[32m\"m6 6 12 12\"\u001b[39m\n          \u001b[36m/>\u001b[39m\n        \u001b[36m</svg>\u001b[39m\n      \u001b[36m</button>\u001b[39m\n      \u001b[36m<div\u001b[39m\n        \u001b[33mclass\u001b[39m=\u001b[32m\"flex flex-col space-y-1.5 p-5 pb-2\"\u001b[39m\n      \u001b[36m>\u001b[39m\n        \u001b[36m<div\u001b[39m\n          \u001b[33mclass\u001b[39m=\u001b[32m\"flex items-center gap-2\"\u001b[39m\n        \u001b[36m>\u001b[39m\n          \u001b[36m<svg\u001b[39m\n            \u001b[33mclass\u001b[39m=\u001b[32m\"lucide lucide-brain w-5 h-5\"\u001b[39m\n            \u001b[33mfill\u001b[39m=\u001b[32m\"none\"\u001b[39m\n            \u001b[33mheight\u001b[39m=\u001b[32m\"24\"\u001b[39m\n            \u001b[33mstroke\u001b[39m=\u001b[32m\"currentColor\"\u001b[39m\n            \u001b[33mstroke-linecap\u001b[39m=\u001b[32m\"round\"\u001b[39m\n            \u001b[33mstroke-linejoin\u001b[39m=\u001b[32m\"round\"\u001b[39m\n            \u001b[33mstroke-width\u001b[39m=\u001b[32m\"2\"\u001b[39m\n            \u001b[33mviewBox\u001b[39m=\u001b[32m\"0 0 24 24\"\u001b[39m\n            \u001b[33mwidth\u001b[39m=\u001b[32m\"24\"\u001b[39m\n            \u001b[33mxmlns\u001b[39m=\u001b[32m\"http://www.w3.org/2000/svg\"\u001b[39m\n          \u001b[36m>\u001b[39m\n            \u001b[36m<path\u001b[39m\n              \u001b[33md\u001b[39m=\u001b[32m\"M12 5a3 3 0 1 0-5.997.125 4 4 0 0 0-2.526 5.77 4 4 0 0 0 .556 6.588A4 4 0 1 0 12 18Z\"\u001b[39m\n            \u001b[36m/>\u001b[39m\n            \u001b[36m<path\u001b[39m\n              \u001b[33md\u001b[39m=\u001b[32m\"M12 5a3 3 0 1 1 5.997.125 4 4 0 0 1 2.526 5.77 4 4 0 0 1-.556 6.588A4 4 0 1 1 12 18Z\"\u001b[39m\n            \u001b[36m/>\u001b[39m\n            \u001b[36m<path\u001b[39m\n              \u001b[33md\u001b[39m=\u001b[32m\"M15 13a4.5 4.5 0 0 1-3-4 4.5 4.5 0 0 1-3 4\"\u001b[39m\n            \u001b[36m/>\u001b[39m\n            \u001b[36m<path\u001b[39m\n              \u001b[33md\u001b[39m=\u001b[32m\"M17.599 6.5a3 3 0 0 0 .399-1.375\"\u001b[39m\n            \u001b[36m/>\u001b[39m\n            \u001b[36m<path\u001b[39m\n              \u001b[33md\u001b[39m=\u001b[32m\"M6.003 5.125A3 3 0 0 0 6.401 6.5\"\u001b[39m\n            \u001b[36m/>\u001b[39m\n            \u001b[36m<path\u001b[39m\n              \u001b[33md\u001b[39m=\u001b[32m\"M3.477 10.896a4 4 0 0 1 .585-.396\"\u001b[39m\n            \u001b[36m/>\u001b[39m\n            \u001b[36m<path\u001b[39m\n              \u001b[33md\u001b[39m=\u001b[32m\"M19.938 10.5a4 4 0 0 1 .585.396\"\u001b[39m\n            \u001b[36m/>\u001b[39m\n            \u001b[36m<path\u001b[39m\n              \u001b[33md\u001b[39m=\u001b[32m\"M6 18a4 4 0 0 1-1.967-.516\"\u001b[39m\n            \u001b[36m/>\u001b[39m\n            \u001b[36m<path\u001b[39m\n              \u001b[33md\u001b[39m=\u001b[32m\"M19.967 17.484A4 4 0 0 1 18 18\"\u001b[39m\n            \u001b[36m/>\u001b[39m\n          \u001b[36m</svg>\u001b[39m\n          \u001b[36m<div\u001b[39m\n            \u001b[33mclass\u001b[39m=\u001b[32m\"tracking-tight text-base font-semibold\"\u001b[39m\n          \u001b[36m>\u001b[39m\n            \u001b[0mbp_ai_insight\u001b[0m\n          \u001b[36m</div>\u001b[39m\n          \u001b[36m<div\u001b[39m\n            \u001b[33mclass\u001b[39m=\u001b[32m\"inline-flex items-center rounded-full border px-3 py-1 font-semibold transition-colors focus:outline-none focus:ring-2 focus:ring-ring focus:ring-offset-2 text-foreground border-border text-xs ml-auto\"\u001b[39m\n          \u001b[36m>\u001b[39m\n            \u001b[0m30\u001b[0m\n            \u001b[0m% \u001b[0m\n            \u001b[0mbp_engagement\u001b[0m\n          \u001b[36m</div>\u001b[39m\n        \u001b[36m</div>\u001b[39m\n      \u001b[36m</div>\u001b[39m\n      \u001b[36m<div\u001b[39m\n        \u001b[33mclass\u001b[39m=\u001b[32m\"p-5 pt-0 space-y-3\"\u001b[39m\n      \u001b[36m>\u001b[39m\n        \u001b[36m<div\u001b[39m\n          \u001b[33mclass\u001b[39m=\u001b[32m\"flex items-start gap-3\"\u001b[39m\n        \u001b[36m>\u001b[39m\n          \u001b[36m<div\u001b[39m\n            \u001b[33mclass\u001b[39m=\u001b[32m\"mt-0.5\"\u001b[39m\n          \u001b[36m>\u001b[39m\n            \u001b[36m<svg\u001b[39m\n              \u001b[33mclass\u001b[39m=\u001b[32m\"lucide lucide-triangle-alert w-5 h-5\"\u001b[39m\n              \u001b[33mfill\u001b[39m=\u001b[32m\"none\"\u001b[39m\n              \u001b[33mheight\u001b[39m=\u001b[32m\"24\"\u001b[39m\n              \u001b[33mstroke\u001b[39m=\u001b[32m\"currentColor\"\u001b[39m\n              \u001b[33mstroke-linecap\u001b[39m=\u001b[32m\"round\"\u001b[39m\n              \u001b[33mstroke-linejoin\u001b[39m=\u001b[32m\"round\"\u001b[39m\n              \u001b[33mstroke-width\u001b[39m=\u001b[32m\"2\"\u001b[39m\n              \u001b[33mviewBox\u001b[39m=\u001b[32m\"0 0 24 24\"\u001b[39m\n              \u001b[33mwidth\u001b[39m=\u001b[32m\"24\"\u001b[39m\n              \u001b[33mxmlns\u001b[39m=\u001b[32m\"http://www.w3.org/2000/svg\"\u001b[39m\n            \u001b[36m>\u001b[39m\n              \u001b[36m<path\u001b[39m\n                \u001b[33md\u001b[39m=\u001b[32m\"m21.73 18-8-14a2 2 0 0 0-3.48 0l-8 14A2 2 0 0 0 4 21h16a2 2 0 0 0 1.73-3\"\u001b[39m\n              \u001b[36m/>\u001b[39m\n              \u001b[36m<path\u001b[39m\n                \u001b[33md\u001b[39m=\u001b[32m\"M12 9v4\"\u001b[39m\n              \u001b[36m/>\u001b[39m\n              \u001b[36m<path\u001b[39m\n                \u001b[33md\u001b[39m=\u001b[32m\"M12 17h.01\"\u001b[39m\n              \u001b[36m/>\u001b[39m\n            \u001b[36m</svg>\u001b[39m\n          \u001b[36m</div>\u001b[39m\n          \u001b[36m<div>\u001b[39m\n            \u001b[36m<p\u001b[39m\n              \u001b[33mclass\u001b[39m=\u001b[32m\"font-medium\"\u001b[39m\n            \u001b[36m>\u001b[39m\n              \u001b[0mbp_we_miss_you\u001b[0m\n            \u001b[36m</p>\u001b[39m\n            \u001b[36m<p\u001b[39m\n              \u001b[33mclass\u001b[39m=\u001b[32m\"text-sm opacity-90\"\u001b[39m\n            \u001b[36m>\u001b[39m\n              \u001b[0mbp_personal_outreach_desc\u001b[0m\n            \u001b[36m</p>\u001b[39m\n          \u001b[36m</div>\u001b[39m\n        \u001b[36m</div>\u001b[39m\n      \u001b[36m</div>\u001b[39m\n    \u001b[36m</div>\u001b[39m\n  \u001b[36m</div>\u001b[39m\n\u001b[36m</body>\u001b[39m\n    at waitForWrapper (C:\\Users\\khamis\\Documents\\nutrio\\node_modules\\@testing-library\\dom\\dist\\wait-for.js:163:27)\n    at C:\\Users\\khamis\\Documents\\nutrio\\node_modules\\@testing-library\\dom\\dist\\query-helpers.js:86:33\n    at C:/Users/khamis/Documents/nutrio/src/components/BehaviorPredictionWidget.test.tsx:229:18\n    at file:///C:/Users/khamis/Documents/nutrio/node_modules/@vitest/runner/dist/index.js:145:11\n    at file:///C:/Users/khamis/Documents/nutrio/node_modules/@vitest/runner/dist/index.js:915:26\n    at file:///C:/Users/khamis/Documents/nutrio/node_modules/@vitest/runner/dist/index.js:1243:20\n    at new Promise (<anonymous>)\n    at runWithTimeout (file:///C:/Users/khamis/Documents/nutrio/node_modules/@vitest/runner/dist/index.js:1209:10)\n    at file:///C:/Users/khamis/Documents/nutrio/node_modules/@vitest/runner/dist/index.js:1653:37\n    at Traces.$ (file:///C:/Users/khamis/Documents/nutrio/node_modules/vitest/dist/chunks/traces.CCmnQaNT.js:142:27)"],"meta":{}},{"ancestorTitles":["BehaviorPredictionWidget"],"fullName":"BehaviorPredictionWidget shows fallback for unknown action type","status":"failed","title":"shows fallback for unknown action type","duration":1008.0492999999997,"failureMessages":["Error: Unable to find an element with the text: AI Insight. This could be because the text is broken up by multiple elements. In this case, you can provide a function for your text matcher to make your matcher more flexible.\n\nIgnored nodes: comments, script, style\n\u001b[36m<body>\u001b[39m\n  \u001b[36m<div>\u001b[39m\n    \u001b[36m<div\u001b[39m\n      \u001b[33mclass\u001b[39m=\u001b[32m\"rounded-xl shadow-card border relative overflow-hidden bg-primary/10 border-primary/20 text-primary\"\u001b[39m\n    \u001b[36m>\u001b[39m\n      \u001b[36m<button\u001b[39m\n        \u001b[33mclass\u001b[39m=\u001b[32m\"inline-flex items-center justify-center gap-2 whitespace-nowrap text-sm font-semibold transition-all duration-200 focus-visible:outline-none focus-visible:ring-2 focus-visible:ring-ring focus-visible:ring-offset-2 disabled:pointer-events-none disabled:opacity-50 [&_svg]:pointer-events-none [&_svg]:size-4 [&_svg]:shrink-0 active:scale-[0.98] hover:bg-accent hover:text-accent-foreground rounded-full absolute top-2 right-2 h-6 w-6 opacity-50 hover:opacity-100\"\u001b[39m\n      \u001b[36m>\u001b[39m\n        \u001b[36m<svg\u001b[39m\n          \u001b[33mclass\u001b[39m=\u001b[32m\"lucide lucide-x h-4 w-4\"\u001b[39m\n          \u001b[33mfill\u001b[39m=\u001b[32m\"none\"\u001b[39m\n          \u001b[33mheight\u001b[39m=\u001b[32m\"24\"\u001b[39m\n          \u001b[33mstroke\u001b[39m=\u001b[32m\"currentColor\"\u001b[39m\n          \u001b[33mstroke-linecap\u001b[39m=\u001b[32m\"round\"\u001b[39m\n          \u001b[33mstroke-linejoin\u001b[39m=\u001b[32m\"round\"\u001b[39m\n          \u001b[33mstroke-width\u001b[39m=\u001b[32m\"2\"\u001b[39m\n          \u001b[33mviewBox\u001b[39m=\u001b[32m\"0 0 24 24\"\u001b[39m\n          \u001b[33mwidth\u001b[39m=\u001b[32m\"24\"\u001b[39m\n          \u001b[33mxmlns\u001b[39m=\u001b[32m\"http://www.w3.org/2000/svg\"\u001b[39m\n        \u001b[36m>\u001b[39m\n          \u001b[36m<path\u001b[39m\n            \u001b[33md\u001b[39m=\u001b[32m\"M18 6 6 18\"\u001b[39m\n          \u001b[36m/>\u001b[39m\n          \u001b[36m<path\u001b[39m\n            \u001b[33md\u001b[39m=\u001b[32m\"m6 6 12 12\"\u001b[39m\n          \u001b[36m/>\u001b[39m\n        \u001b[36m</svg>\u001b[39m\n      \u001b[36m</button>\u001b[39m\n      \u001b[36m<div\u001b[39m\n        \u001b[33mclass\u001b[39m=\u001b[32m\"flex flex-col space-y-1.5 p-5 pb-2\"\u001b[39m\n      \u001b[36m>\u001b[39m\n        \u001b[36m<div\u001b[39m\n          \u001b[33mclass\u001b[39m=\u001b[32m\"flex items-center gap-2\"\u001b[39m\n        \u001b[36m>\u001b[39m\n          \u001b[36m<svg\u001b[39m\n            \u001b[33mclass\u001b[39m=\u001b[32m\"lucide lucide-brain w-5 h-5\"\u001b[39m\n            \u001b[33mfill\u001b[39m=\u001b[32m\"none\"\u001b[39m\n            \u001b[33mheight\u001b[39m=\u001b[32m\"24\"\u001b[39m\n            \u001b[33mstroke\u001b[39m=\u001b[32m\"currentColor\"\u001b[39m\n            \u001b[33mstroke-linecap\u001b[39m=\u001b[32m\"round\"\u001b[39m\n            \u001b[33mstroke-linejoin\u001b[39m=\u001b[32m\"round\"\u001b[39m\n            \u001b[33mstroke-width\u001b[39m=\u001b[32m\"2\"\u001b[39m\n            \u001b[33mviewBox\u001b[39m=\u001b[32m\"0 0 24 24\"\u001b[39m\n            \u001b[33mwidth\u001b[39m=\u001b[32m\"24\"\u001b[39m\n            \u001b[33mxmlns\u001b[39m=\u001b[32m\"http://www.w3.org/2000/svg\"\u001b[39m\n          \u001b[36m>\u001b[39m\n            \u001b[36m<path\u001b[39m\n              \u001b[33md\u001b[39m=\u001b[32m\"M12 5a3 3 0 1 0-5.997.125 4 4 0 0 0-2.526 5.77 4 4 0 0 0 .556 6.588A4 4 0 1 0 12 18Z\"\u001b[39m\n            \u001b[36m/>\u001b[39m\n            \u001b[36m<path\u001b[39m\n              \u001b[33md\u001b[39m=\u001b[32m\"M12 5a3 3 0 1 1 5.997.125 4 4 0 0 1 2.526 5.77 4 4 0 0 1-.556 6.588A4 4 0 1 1 12 18Z\"\u001b[39m\n            \u001b[36m/>\u001b[39m\n            \u001b[36m<path\u001b[39m\n              \u001b[33md\u001b[39m=\u001b[32m\"M15 13a4.5 4.5 0 0 1-3-4 4.5 4.5 0 0 1-3 4\"\u001b[39m\n            \u001b[36m/>\u001b[39m\n            \u001b[36m<path\u001b[39m\n              \u001b[33md\u001b[39m=\u001b[32m\"M17.599 6.5a3 3 0 0 0 .399-1.375\"\u001b[39m\n            \u001b[36m/>\u001b[39m\n            \u001b[36m<path\u001b[39m\n              \u001b[33md\u001b[39m=\u001b[32m\"M6.003 5.125A3 3 0 0 0 6.401 6.5\"\u001b[39m\n            \u001b[36m/>\u001b[39m\n            \u001b[36m<path\u001b[39m\n              \u001b[33md\u001b[39m=\u001b[32m\"M3.477 10.896a4 4 0 0 1 .585-.396\"\u001b[39m\n            \u001b[36m/>\u001b[39m\n            \u001b[36m<path\u001b[39m\n              \u001b[33md\u001b[39m=\u001b[32m\"M19.938 10.5a4 4 0 0 1 .585.396\"\u001b[39m\n            \u001b[36m/>\u001b[39m\n            \u001b[36m<path\u001b[39m\n              \u001b[33md\u001b[39m=\u001b[32m\"M6 18a4 4 0 0 1-1.967-.516\"\u001b[39m\n            \u001b[36m/>\u001b[39m\n            \u001b[36m<path\u001b[39m\n              \u001b[33md\u001b[39m=\u001b[32m\"M19.967 17.484A4 4 0 0 1 18 18\"\u001b[39m\n            \u001b[36m/>\u001b[39m\n          \u001b[36m</svg>\u001b[39m\n          \u001b[36m<div\u001b[39m\n            \u001b[33mclass\u001b[39m=\u001b[32m\"tracking-tight text-base font-semibold\"\u001b[39m\n          \u001b[36m>\u001b[39m\n            \u001b[0mbp_ai_insight\u001b[0m\n          \u001b[36m</div>\u001b[39m\n          \u001b[36m<div\u001b[39m\n            \u001b[33mclass\u001b[39m=\u001b[32m\"inline-flex items-center rounded-full border px-3 py-1 font-semibold transition-colors focus:outline-none focus:ring-2 focus:ring-ring focus:ring-offset-2 text-foreground border-border text-xs ml-auto\"\u001b[39m\n          \u001b[36m>\u001b[39m\n            \u001b[0m35\u001b[0m\n            \u001b[0m% \u001b[0m\n            \u001b[0mbp_engagement\u001b[0m\n          \u001b[36m</div>\u001b[39m\n        \u001b[36m</div>\u001b[39m\n      \u001b[36m</div>\u001b[39m\n      \u001b[36m<div\u001b[39m\n        \u001b[33mclass\u001b[39m=\u001b[32m\"p-5 pt-0 space-y-3\"\u001b[39m\n      \u001b[36m>\u001b[39m\n        \u001b[36m<div\u001b[39m\n          \u001b[33mclass\u001b[39m=\u001b[32m\"flex items-start gap-3\"\u001b[39m\n        \u001b[36m>\u001b[39m\n          \u001b[36m<div\u001b[39m\n            \u001b[33mclass\u001b[39m=\u001b[32m\"mt-0.5\"\u001b[39m\n          \u001b[36m>\u001b[39m\n            \u001b[36m<svg\u001b[39m\n              \u001b[33mclass\u001b[39m=\u001b[32m\"lucide lucide-brain w-5 h-5\"\u001b[39m\n              \u001b[33mfill\u001b[39m=\u001b[32m\"none\"\u001b[39m\n              \u001b[33mheight\u001b[39m=\u001b[32m\"24\"\u001b[39m\n              \u001b[33mstroke\u001b[39m=\u001b[32m\"currentColor\"\u001b[39m\n              \u001b[33mstroke-linecap\u001b[39m=\u001b[32m\"round\"\u001b[39m\n              \u001b[33mstroke-linejoin\u001b[39m=\u001b[32m\"round\"\u001b[39m\n              \u001b[33mstroke-width\u001b[39m=\u001b[32m\"2\"\u001b[39m\n              \u001b[33mviewBox\u001b[39m=\u001b[32m\"0 0 24 24\"\u001b[39m\n              \u001b[33mwidth\u001b[39m=\u001b[32m\"24\"\u001b[39m\n              \u001b[33mxmlns\u001b[39m=\u001b[32m\"http://www.w3.org/2000/svg\"\u001b[39m\n            \u001b[36m>\u001b[39m\n              \u001b[36m<path\u001b[39m\n                \u001b[33md\u001b[39m=\u001b[32m\"M12 5a3 3 0 1 0-5.997.125 4 4 0 0 0-2.526 5.77 4 4 0 0 0 .556 6.588A4 4 0 1 0 12 18Z\"\u001b[39m\n              \u001b[36m/>\u001b[39m\n              \u001b[36m<path\u001b[39m\n                \u001b[33md\u001b[39m=\u001b[32m\"M12 5a3 3 0 1 1 5.997.125 4 4 0 0 1 2.526 5.77 4 4 0 0 1-.556 6.588A4 4 0 1 1 12 18Z\"\u001b[39m\n              \u001b[36m/>\u001b[39m\n              \u001b[36m<path\u001b[39m\n                \u001b[33md\u001b[39m=\u001b[32m\"M15 13a4.5 4.5 0 0 1-3-4 4.5 4.5 0 0 1-3 4\"\u001b[39m\n              \u001b[36m/>\u001b[39m\n              \u001b[36m<path\u001b[39m\n                \u001b[33md\u001b[39m=\u001b[32m\"M17.599 6.5a3 3 0 0 0 .399-1.375\"\u001b[39m\n              \u001b[36m/>\u001b[39m\n              \u001b[36m<path\u001b[39m\n                \u001b[33md\u001b[39m=\u001b[32m\"M6.003 5.125A3 3 0 0 0 6.401 6.5\"\u001b[39m\n              \u001b[36m/>\u001b[39m\n              \u001b[36m<path\u001b[39m\n                \u001b[33md\u001b[39m=\u001b[32m\"M3.477 10.896a4 4 0 0 1 .585-.396\"\u001b[39m\n              \u001b[36m/>\u001b[39m\n              \u001b[36m<path\u001b[39m\n                \u001b[33md\u001b[39m=\u001b[32m\"M19.938 10.5a4 4 0 0 1 .585.396\"\u001b[39m\n              \u001b[36m/>\u001b[39m\n              \u001b[36m<path\u001b[39m\n                \u001b[33md\u001b[39m=\u001b[32m\"M6 18a4 4 0 0 1-1.967-.516\"\u001b[39m\n              \u001b[36m/>\u001b[39m\n              \u001b[36m<path\u001b[39m\n                \u001b[33md\u001b[39m=\u001b[32m\"M19.967 17.484A4 4 0 0 1 18 18\"\u001b[39m\n              \u001b[36m/>\u001b[39m\n            \u001b[36m</svg>\u001b[39m\n          \u001b[36m</div>\u001b[39m\n          \u001b[36m<div>\u001b[39m\n            \u001b[36m<p\u001b[39m\n              \u001b[33mclass\u001b[39m=\u001b[32m\"font-medium\"\u001b[39m\n            \u001b[36m>\u001b[39m\n              \u001b[0mbp_ai_recommendation\u001b[0m\n            \u001b[36m</p>\u001b[39m\n            \u001b[36m<p\u001b[39m\n              \u001b[33mclass\u001b[39m=\u001b[32m\"text-sm opacity-90\"\u001b[39m\n            \u001b[36m>\u001b[39m\n              \u001b[0mbp_ai_recommendation_desc\u001b[0m\n            \u001b[36m</p>\u001b[39m\n          \u001b[36m</div>\u001b[39m\n        \u001b[36m</div>\u001b[39m\n      \u001b[36m</div>\u001b[39m\n    \u001b[36m</div>\u001b[39m\n  \u001b[36m</div>\u001b[39m\n\u001b[36m</body>\u001b[39m\n    at waitForWrapper (C:\\Users\\khamis\\Documents\\nutrio\\node_modules\\@testing-library\\dom\\dist\\wait-for.js:163:27)\n    at C:\\Users\\khamis\\Documents\\nutrio\\node_modules\\@testing-library\\dom\\dist\\query-helpers.js:86:33\n    at C:/Users/khamis/Documents/nutrio/src/components/BehaviorPredictionWidget.test.tsx:265:18\n    at file:///C:/Users/khamis/Documents/nutrio/node_modules/@vitest/runner/dist/index.js:145:11\n    at file:///C:/Users/khamis/Documents/nutrio/node_modules/@vitest/runner/dist/index.js:915:26\n    at file:///C:/Users/khamis/Documents/nutrio/node_modules/@vitest/runner/dist/index.js:1243:20\n    at new Promise (<anonymous>)\n    at runWithTimeout (file:///C:/Users/khamis/Documents/nutrio/node_modules/@vitest/runner/dist/index.js:1209:10)\n    at file:///C:/Users/khamis/Documents/nutrio/node_modules/@vitest/runner/dist/index.js:1653:37\n    at Traces.$ (file:///C:/Users/khamis/Documents/nutrio/node_modules/vitest/dist/chunks/traces.CCmnQaNT.js:142:27)"],"meta":{}},{"ancestorTitles":["BehaviorPredictionWidget"],"fullName":"BehaviorPredictionWidget renders all 6 known action types","status":"failed","title":"renders all 6 known action types","duration":1013.3498999999993,"failureMessages":["Error: Unable to find an element with the text: We Miss You!. This could be because the text is broken up by multiple elements. In this case, you can provide a function for your text matcher to make your matcher more flexible.\n\nIgnored nodes: comments, script, style\n\u001b[36m<body>\u001b[39m\n  \u001b[36m<div>\u001b[39m\n    \u001b[36m<div\u001b[39m\n      \u001b[33mclass\u001b[39m=\u001b[32m\"rounded-xl shadow-card border relative overflow-hidden bg-red-50 border-red-200 text-red-800\"\u001b[39m\n    \u001b[36m>\u001b[39m\n      \u001b[36m<button\u001b[39m\n        \u001b[33mclass\u001b[39m=\u001b[32m\"inline-flex items-center justify-center gap-2 whitespace-nowrap text-sm font-semibold transition-all duration-200 focus-visible:outline-none focus-visible:ring-2 focus-visible:ring-ring focus-visible:ring-offset-2 disabled:pointer-events-none disabled:opacity-50 [&_svg]:pointer-events-none [&_svg]:size-4 [&_svg]:shrink-0 active:scale-[0.98] hover:bg-accent hover:text-accent-foreground rounded-full absolute top-2 right-2 h-6 w-6 opacity-50 hover:opacity-100\"\u001b[39m\n      \u001b[36m>\u001b[39m\n        \u001b[36m<svg\u001b[39m\n          \u001b[33mclass\u001b[39m=\u001b[32m\"lucide lucide-x h-4 w-4\"\u001b[39m\n          \u001b[33mfill\u001b[39m=\u001b[32m\"none\"\u001b[39m\n          \u001b[33mheight\u001b[39m=\u001b[32m\"24\"\u001b[39m\n          \u001b[33mstroke\u001b[39m=\u001b[32m\"currentColor\"\u001b[39m\n          \u001b[33mstroke-linecap\u001b[39m=\u001b[32m\"round\"\u001b[39m\n          \u001b[33mstroke-linejoin\u001b[39m=\u001b[32m\"round\"\u001b[39m\n          \u001b[33mstroke-width\u001b[39m=\u001b[32m\"2\"\u001b[39m\n          \u001b[33mviewBox\u001b[39m=\u001b[32m\"0 0 24 24\"\u001b[39m\n          \u001b[33mwidth\u001b[39m=\u001b[32m\"24\"\u001b[39m\n          \u001b[33mxmlns\u001b[39m=\u001b[32m\"http://www.w3.org/2000/svg\"\u001b[39m\n        \u001b[36m>\u001b[39m\n          \u001b[36m<path\u001b[39m\n            \u001b[33md\u001b[39m=\u001b[32m\"M18 6 6 18\"\u001b[39m\n          \u001b[36m/>\u001b[39m\n          \u001b[36m<path\u001b[39m\n            \u001b[33md\u001b[39m=\u001b[32m\"m6 6 12 12\"\u001b[39m\n          \u001b[36m/>\u001b[39m\n        \u001b[36m</svg>\u001b[39m\n      \u001b[36m</button>\u001b[39m\n      \u001b[36m<div\u001b[39m\n        \u001b[33mclass\u001b[39m=\u001b[32m\"flex flex-col space-y-1.5 p-5 pb-2\"\u001b[39m\n      \u001b[36m>\u001b[39m\n        \u001b[36m<div\u001b[39m\n          \u001b[33mclass\u001b[39m=\u001b[32m\"flex items-center gap-2\"\u001b[39m\n        \u001b[36m>\u001b[39m\n          \u001b[36m<svg\u001b[39m\n            \u001b[33mclass\u001b[39m=\u001b[32m\"lucide lucide-brain w-5 h-5\"\u001b[39m\n            \u001b[33mfill\u001b[39m=\u001b[32m\"none\"\u001b[39m\n            \u001b[33mheight\u001b[39m=\u001b[32m\"24\"\u001b[39m\n            \u001b[33mstroke\u001b[39m=\u001b[32m\"currentColor\"\u001b[39m\n            \u001b[33mstroke-linecap\u001b[39m=\u001b[32m\"round\"\u001b[39m\n            \u001b[33mstroke-linejoin\u001b[39m=\u001b[32m\"round\"\u001b[39m\n            \u001b[33mstroke-width\u001b[39m=\u001b[32m\"2\"\u001b[39m\n            \u001b[33mviewBox\u001b[39m=\u001b[32m\"0 0 24 24\"\u001b[39m\n            \u001b[33mwidth\u001b[39m=\u001b[32m\"24\"\u001b[39m\n            \u001b[33mxmlns\u001b[39m=\u001b[32m\"http://www.w3.org/2000/svg\"\u001b[39m\n          \u001b[36m>\u001b[39m\n            \u001b[36m<path\u001b[39m\n              \u001b[33md\u001b[39m=\u001b[32m\"M12 5a3 3 0 1 0-5.997.125 4 4 0 0 0-2.526 5.77 4 4 0 0 0 .556 6.588A4 4 0 1 0 12 18Z\"\u001b[39m\n            \u001b[36m/>\u001b[39m\n            \u001b[36m<path\u001b[39m\n              \u001b[33md\u001b[39m=\u001b[32m\"M12 5a3 3 0 1 1 5.997.125 4 4 0 0 1 2.526 5.77 4 4 0 0 1-.556 6.588A4 4 0 1 1 12 18Z\"\u001b[39m\n            \u001b[36m/>\u001b[39m\n            \u001b[36m<path\u001b[39m\n              \u001b[33md\u001b[39m=\u001b[32m\"M15 13a4.5 4.5 0 0 1-3-4 4.5 4.5 0 0 1-3 4\"\u001b[39m\n            \u001b[36m/>\u001b[39m\n            \u001b[36m<path\u001b[39m\n              \u001b[33md\u001b[39m=\u001b[32m\"M17.599 6.5a3 3 0 0 0 .399-1.375\"\u001b[39m\n            \u001b[36m/>\u001b[39m\n            \u001b[36m<path\u001b[39m\n              \u001b[33md\u001b[39m=\u001b[32m\"M6.003 5.125A3 3 0 0 0 6.401 6.5\"\u001b[39m\n            \u001b[36m/>\u001b[39m\n            \u001b[36m<path\u001b[39m\n              \u001b[33md\u001b[39m=\u001b[32m\"M3.477 10.896a4 4 0 0 1 .585-.396\"\u001b[39m\n            \u001b[36m/>\u001b[39m\n            \u001b[36m<path\u001b[39m\n              \u001b[33md\u001b[39m=\u001b[32m\"M19.938 10.5a4 4 0 0 1 .585.396\"\u001b[39m\n            \u001b[36m/>\u001b[39m\n            \u001b[36m<path\u001b[39m\n              \u001b[33md\u001b[39m=\u001b[32m\"M6 18a4 4 0 0 1-1.967-.516\"\u001b[39m\n            \u001b[36m/>\u001b[39m\n            \u001b[36m<path\u001b[39m\n              \u001b[33md\u001b[39m=\u001b[32m\"M19.967 17.484A4 4 0 0 1 18 18\"\u001b[39m\n            \u001b[36m/>\u001b[39m\n          \u001b[36m</svg>\u001b[39m\n          \u001b[36m<div\u001b[39m\n            \u001b[33mclass\u001b[39m=\u001b[32m\"tracking-tight text-base font-semibold\"\u001b[39m\n          \u001b[36m>\u001b[39m\n            \u001b[0mbp_ai_insight\u001b[0m\n          \u001b[36m</div>\u001b[39m\n          \u001b[36m<div\u001b[39m\n            \u001b[33mclass\u001b[39m=\u001b[32m\"inline-flex items-center rounded-full border px-3 py-1 font-semibold transition-colors focus:outline-none focus:ring-2 focus:ring-ring focus:ring-offset-2 text-foreground border-border text-xs ml-auto\"\u001b[39m\n          \u001b[36m>\u001b[39m\n            \u001b[0m30\u001b[0m\n            \u001b[0m% \u001b[0m\n            \u001b[0mbp_engagement\u001b[0m\n          \u001b[36m</div>\u001b[39m\n        \u001b[36m</div>\u001b[39m\n      \u001b[36m</div>\u001b[39m\n      \u001b[36m<div\u001b[39m\n        \u001b[33mclass\u001b[39m=\u001b[32m\"p-5 pt-0 space-y-3\"\u001b[39m\n      \u001b[36m>\u001b[39m\n        \u001b[36m<div\u001b[39m\n          \u001b[33mclass\u001b[39m=\u001b[32m\"flex items-start gap-3\"\u001b[39m\n        \u001b[36m>\u001b[39m\n          \u001b[36m<div\u001b[39m\n            \u001b[33mclass\u001b[39m=\u001b[32m\"mt-0.5\"\u001b[39m\n          \u001b[36m>\u001b[39m\n            \u001b[36m<svg\u001b[39m\n              \u001b[33mclass\u001b[39m=\u001b[32m\"lucide lucide-triangle-alert w-5 h-5\"\u001b[39m\n              \u001b[33mfill\u001b[39m=\u001b[32m\"none\"\u001b[39m\n              \u001b[33mheight\u001b[39m=\u001b[32m\"24\"\u001b[39m\n              \u001b[33mstroke\u001b[39m=\u001b[32m\"currentColor\"\u001b[39m\n              \u001b[33mstroke-linecap\u001b[39m=\u001b[32m\"round\"\u001b[39m\n              \u001b[33mstroke-linejoin\u001b[39m=\u001b[32m\"round\"\u001b[39m\n              \u001b[33mstroke-width\u001b[39m=\u001b[32m\"2\"\u001b[39m\n              \u001b[33mviewBox\u001b[39m=\u001b[32m\"0 0 24 24\"\u001b[39m\n              \u001b[33mwidth\u001b[39m=\u001b[32m\"24\"\u001b[39m\n              \u001b[33mxmlns\u001b[39m=\u001b[32m\"http://www.w3.org/2000/svg\"\u001b[39m\n            \u001b[36m>\u001b[39m\n              \u001b[36m<path\u001b[39m\n                \u001b[33md\u001b[39m=\u001b[32m\"m21.73 18-8-14a2 2 0 0 0-3.48 0l-8 14A2 2 0 0 0 4 21h16a2 2 0 0 0 1.73-3\"\u001b[39m\n              \u001b[36m/>\u001b[39m\n              \u001b[36m<path\u001b[39m\n                \u001b[33md\u001b[39m=\u001b[32m\"M12 9v4\"\u001b[39m\n              \u001b[36m/>\u001b[39m\n              \u001b[36m<path\u001b[39m\n                \u001b[33md\u001b[39m=\u001b[32m\"M12 17h.01\"\u001b[39m\n              \u001b[36m/>\u001b[39m\n            \u001b[36m</svg>\u001b[39m\n          \u001b[36m</div>\u001b[39m\n          \u001b[36m<div>\u001b[39m\n            \u001b[36m<p\u001b[39m\n              \u001b[33mclass\u001b[39m=\u001b[32m\"font-medium\"\u001b[39m\n            \u001b[36m>\u001b[39m\n              \u001b[0mbp_we_miss_you\u001b[0m\n            \u001b[36m</p>\u001b[39m\n            \u001b[36m<p\u001b[39m\n              \u001b[33mclass\u001b[39m=\u001b[32m\"text-sm opacity-90\"\u001b[39m\n            \u001b[36m>\u001b[39m\n              \u001b[0mbp_personal_outreach_desc\u001b[0m\n            \u001b[36m</p>\u001b[39m\n          \u001b[36m</div>\u001b[39m\n        \u001b[36m</div>\u001b[39m\n      \u001b[36m</div>\u001b[39m\n    \u001b[36m</div>\u001b[39m\n  \u001b[36m</div>\u001b[39m\n\u001b[36m</body>\u001b[39m\n    at waitForWrapper (C:\\Users\\khamis\\Documents\\nutrio\\node_modules\\@testing-library\\dom\\dist\\wait-for.js:163:27)\n    at C:\\Users\\khamis\\Documents\\nutrio\\node_modules\\@testing-library\\dom\\dist\\query-helpers.js:86:33\n    at C:/Users/khamis/Documents/nutrio/src/components/BehaviorPredictionWidget.test.tsx:312:20\n    at file:///C:/Users/khamis/Documents/nutrio/node_modules/@vitest/runner/dist/index.js:145:11\n    at file:///C:/Users/khamis/Documents/nutrio/node_modules/@vitest/runner/dist/index.js:915:26\n    at file:///C:/Users/khamis/Documents/nutrio/node_modules/@vitest/runner/dist/index.js:1243:20\n    at new Promise (<anonymous>)\n    at runWithTimeout (file:///C:/Users/khamis/Documents/nutrio/node_modules/@vitest/runner/dist/index.js:1209:10)\n    at file:///C:/Users/khamis/Documents/nutrio/node_modules/@vitest/runner/dist/index.js:1653:37\n    at Traces.$ (file:///C:/Users/khamis/Documents/nutrio/node_modules/vitest/dist/chunks/traces.CCmnQaNT.js:142:27)"],"meta":{}}],"startTime":1783904196442,"endTime":1783904201630.3499,"status":"failed","message":"","name":"C:/Users/khamis/Documents/nutrio/src/components/BehaviorPredictionWidget.test.tsx"},{"assertionResults":[{"ancestorTitles":["DailyNutritionCard"],"fullName":"DailyNutritionCard renders calorie count","status":"passed","title":"renders calorie count","duration":49.740099999999984,"failureMessages":[],"meta":{}},{"ancestorTitles":["DailyNutritionCard"],"fullName":"DailyNutritionCard renders remaining calories","status":"passed","title":"renders remaining calories","duration":10.54119999999989,"failureMessages":[],"meta":{}},{"ancestorTitles":["DailyNutritionCard"],"fullName":"DailyNutritionCard renders date navigation buttons","status":"passed","title":"renders date navigation buttons","duration":10.957099999999855,"failureMessages":[],"meta":{}},{"ancestorTitles":["DailyNutritionCard"],"fullName":"DailyNutritionCard renders macro labels","status":"passed","title":"renders macro labels","duration":8.230800000000045,"failureMessages":[],"meta":{}},{"ancestorTitles":["DailyNutritionCard"],"fullName":"DailyNutritionCard renders burned calories section","status":"passed","title":"renders burned calories section","duration":6.4646999999999935,"failureMessages":[],"meta":{}},{"ancestorTitles":["DailyNutritionCard"],"fullName":"DailyNutritionCard calls onDateChange when navigating to previous day","status":"passed","title":"calls onDateChange when navigating to previous day","duration":136.8062,"failureMessages":[],"meta":{}},{"ancestorTitles":["DailyNutritionCard"],"fullName":"DailyNutritionCard shows next day button as disabled when on today","status":"passed","title":"shows next day button as disabled when on today","duration":10.976799999999912,"failureMessages":[],"meta":{}}],"startTime":1783904214116,"endTime":1783904214349.9768,"status":"passed","message":"","name":"C:/Users/khamis/Documents/nutrio/src/components/DailyNutritionCard.test.tsx"},{"assertionResults":[{"ancestorTitles":["DashboardErrorBoundary"],"fullName":"DashboardErrorBoundary renders children when no error","status":"passed","title":"renders children when no error","duration":18.12180000000012,"failureMessages":[],"meta":{}},{"ancestorTitles":["DashboardErrorBoundary"],"fullName":"DashboardErrorBoundary renders error UI when child throws","status":"passed","title":"renders error UI when child throws","duration":19.56560000000013,"failureMessages":[],"meta":{}},{"ancestorTitles":["DashboardErrorBoundary"],"fullName":"DashboardErrorBoundary captures error to Sentry","status":"passed","title":"captures error to Sentry","duration":7.073599999999942,"failureMessages":[],"meta":{}},{"ancestorTitles":["DashboardErrorBoundary"],"fullName":"DashboardErrorBoundary shows Try again button that resets error boundary","status":"passed","title":"shows Try again button that resets error boundary","duration":4.518799999999828,"failureMessages":[],"meta":{}},{"ancestorTitles":["DashboardErrorBoundary"],"fullName":"DashboardErrorBoundary renders without name prop","status":"passed","title":"renders without name prop","duration":3.599999999999909,"failureMessages":[],"meta":{}}],"startTime":1783904216230,"endTime":1783904216282.6,"status":"passed","message":"","name":"C:/Users/khamis/Documents/nutrio/src/components/DashboardErrorBoundary.test.tsx"},{"assertionResults":[{"ancestorTitles":["LogMealModal"],"fullName":"LogMealModal reports success only after the service confirms persistence","status":"passed","title":"reports success only after the service confirms persistence","duration":322.4239,"failureMessages":[],"meta":{}},{"ancestorTitles":["LogMealModal"],"fullName":"LogMealModal does not report success without an explicit persisted result","status":"passed","title":"does not report success without an explicit persisted result","duration":214.25839999999994,"failureMessages":[],"meta":{}}],"startTime":1783904203205,"endTime":1783904203742.2583,"status":"passed","message":"","name":"C:/Users/khamis/Documents/nutrio/src/components/LogMealModal.test.tsx"},{"assertionResults":[{"ancestorTitles":["OrderTrackingHub","Loading State"],"fullName":"OrderTrackingHub Loading State shows loading spinner while fetching orders","status":"passed","title":"shows loading spinner while fetching orders","duration":44.395300000000134,"failureMessages":[],"meta":{}},{"ancestorTitles":["OrderTrackingHub","Loading State"],"fullName":"OrderTrackingHub Loading State renders refresh icon while loading","status":"passed","title":"renders refresh icon while loading","duration":15.354899999999816,"failureMessages":[],"meta":{}},{"ancestorTitles":["OrderTrackingHub","Empty State"],"fullName":"OrderTrackingHub Empty State shows empty state when no active orders","status":"passed","title":"shows empty state when no active orders","duration":15.712399999999889,"failureMessages":[],"meta":{}},{"ancestorTitles":["OrderTrackingHub","Empty State"],"fullName":"OrderTrackingHub Empty State shows browse meals button in empty state","status":"passed","title":"shows browse meals button in empty state","duration":7.764299999999821,"failureMessages":[],"meta":{}},{"ancestorTitles":["OrderTrackingHub","Empty State"],"fullName":"OrderTrackingHub Empty State navigates to meals page when browse button is clicked","status":"passed","title":"navigates to meals page when browse button is clicked","duration":165.1025999999997,"failureMessages":[],"meta":{}},{"ancestorTitles":["OrderTrackingHub","Active Orders Display"],"fullName":"OrderTrackingHub Active Orders Display shows active orders count in header","status":"passed","title":"shows active orders count in header","duration":29.640600000000177,"failureMessages":[],"meta":{}},{"ancestorTitles":["OrderTrackingHub","Active Orders Display"],"fullName":"OrderTrackingHub Active Orders Display displays order details correctly","status":"passed","title":"displays order details correctly","duration":15.432800000000043,"failureMessages":[],"meta":{}},{"ancestorTitles":["OrderTrackingHub","Active Orders Display"],"fullName":"OrderTrackingHub Active Orders Display shows correct status for each order","status":"passed","title":"shows correct status for each order","duration":15.134199999999964,"failureMessages":[],"meta":{}},{"ancestorTitles":["OrderTrackingHub","Active Orders Display"],"fullName":"OrderTrackingHub Active Orders Display shows meal type badge for each order","status":"passed","title":"shows meal type badge for each order","duration":14.919599999999718,"failureMessages":[],"meta":{}},{"ancestorTitles":["OrderTrackingHub","Navigation"],"fullName":"OrderTrackingHub Navigation navigates to tracking page when order is clicked","status":"passed","title":"navigates to tracking page when order is clicked","duration":8.343600000000151,"failureMessages":[],"meta":{}},{"ancestorTitles":["OrderTrackingHub","Navigation"],"fullName":"OrderTrackingHub Navigation navigates to all orders page when view all is clicked","status":"passed","title":"navigates to all orders page when view all is clicked","duration":86.42680000000018,"failureMessages":[],"meta":{}},{"ancestorTitles":["OrderTrackingHub","Refresh Functionality"],"fullName":"OrderTrackingHub Refresh Functionality shows refresh button in header","status":"failed","title":"shows refresh button in header","duration":1015.7729999999997,"failureMessages":["Error: Unable to find role=\"button\" and name `/refresh orders/i`\n\nIgnored nodes: comments, script, style\n\u001b[36m<body>\u001b[39m\n  \u001b[36m<div>\u001b[39m\n    \u001b[36m<div\u001b[39m\n      \u001b[33mclass\u001b[39m=\u001b[32m\"rounded-xl bg-card text-card-foreground shadow-card border border-border/50\"\u001b[39m\n    \u001b[36m>\u001b[39m\n      \u001b[36m<div\u001b[39m\n        \u001b[33mclass\u001b[39m=\u001b[32m\"flex flex-col space-y-1.5 p-5 pb-3\"\u001b[39m\n      \u001b[36m>\u001b[39m\n        \u001b[36m<div\u001b[39m\n          \u001b[33mclass\u001b[39m=\u001b[32m\"text-lg font-bold leading-none tracking-tight flex items-center gap-2\"\u001b[39m\n        \u001b[36m>\u001b[39m\n          \u001b[36m<svg\u001b[39m\n            \u001b[33mclass\u001b[39m=\u001b[32m\"lucide lucide-package h-5 w-5\"\u001b[39m\n            \u0
[...]
{"assertionResults":[{"ancestorTitles":["scheduleMealsAtomic"],"fullName":"scheduleMealsAtomic sends the complete batch through one idempotent RPC","status":"passed","title":"sends the complete batch through one idempotent RPC","duration":3.5322000000001026,"failureMessages":[],"meta":{}},{"ancestorTitles":["scheduleMealsAtomic"],"fullName":"scheduleMealsAtomic propagates quota and wallet failures","status":"passed","title":"propagates quota and wallet failures","duration":1.015100000000075,"failureMessages":[],"meta":{}},{"ancestorTitles":["scheduleMealsAtomic"],"fullName":"scheduleMealsAtomic rejects a malformed successful response","status":"passed","title":"rejects a malformed successful response","duration":0.39079999999989923,"failureMessages":[],"meta":{}}],"startTime":1783904222272,"endTime":1783904222277.3909,"status":"passed","message":"","name":"C:/Users/khamis/Documents/nutrio/src/lib/schedule-meals.test.ts"},{"assertionResults":[{"ancestorTitles":["SportHub integration client"],"fullName":"SportHub integration client starts OAuth with the requested return path","status":"passed","title":"starts OAuth with the requested return path","duration":3.7454999999999927,"failureMessages":[],"meta":{}},{"ancestorTitles":["SportHub integration client"],"fullName":"SportHub integration client rejects a link response without an authorization URL","status":"passed","title":"rejects a link response without an authorization URL","duration":0.8211999999998625,"failureMessages":[],"meta":{}},{"ancestorTitles":["SportHub integration client"],"fullName":"SportHub integration client returns the synchronization result","status":"passed","title":"returns the synchronization result","duration":0.5458000000000993,"failureMessages":[],"meta":{}},{"ancestorTitles":["SportHub integration client"],"fullName":"SportHub integration client propagates unlink failures","status":"passed","title":"propagates unlink failures","duration":0.22539999999980864,"failureMessages":[],"meta":{}}],"startTime":1783904223381,"endTime":1783904223386.546,"status":"passed","message":"","name":"C:/Users/khamis/Documents/nutrio/src/lib/sporthubIntegration.test.ts"},{"assertionResults":[{"ancestorTitles":["delivery service source integration"],"fullName":"delivery service source integration enriches a direct order for the active driver screen","status":"passed","title":"enriches a direct order for the active driver screen","duration":3.697400000000016,"failureMessages":[],"meta":{}},{"ancestorTitles":["delivery service source integration"],"fullName":"delivery service source integration enriches direct orders in driver history","status":"passed","title":"enriches direct orders in driver history","duration":1.0627000000001772,"failureMessages":[],"meta":{}}],"startTime":1783904222517,"endTime":1783904222522.0627,"status":"passed","message":"","name":"C:/Users/khamis/Documents/nutrio/src/integrations/supabase/delivery.test.ts"},{"assertionResults":[{"ancestorTitles":["ORDER_STATUS Constants"],"fullName":"ORDER_STATUS Constants defines all expected status values","status":"passed","title":"defines all expected status values","duration":1.9777999999998883,"failureMessages":[],"meta":{}},{"ancestorTitles":["ORDER_STATUS Constants"],"fullName":"ORDER_STATUS Constants has correct number of statuses","status":"passed","title":"has correct number of statuses","duration":0.20260000000007494,"failureMessages":[],"meta":{}},{"ancestorTitles":["ORDER_STATUS Constants"],"fullName":"ORDER_STATUS Constants all statuses are strings","status":"passed","title":"all statuses are strings","duration":0.25499999999988177,"failureMessages":[],"meta":{}},{"ancestorTitles":["ORDER_STATUS Constants"],"fullName":"ORDER_STATUS Constants status values are unique","status":"passed","title":"status values are unique","duration":0.1607000000001335,"failureMessages":[],"meta":{}},{"ancestorTitles":["ORDER_STATUS_CONFIG"],"fullName":"ORDER_STATUS_CONFIG has configuration for all statuses","status":"passed","title":"has configuration for all statuses","duration":0.8812000000000353,"failureMessages":[],"meta":{}},{"ancestorTitles":["ORDER_STATUS_CONFIG"],"fullName":"ORDER_STATUS_CONFIG all statuses are customer visible","status":"passed","title":"all statuses are customer visible","duration":0.19270000000005894,"failureMessages":[],"meta":{}},{"ancestorTitles":["ORDER_STATUS_CONFIG"],"fullName":"ORDER_STATUS_CONFIG has correct labels for each status","status":"passed","title":"has correct labels for each status","duration":0.16660000000001673,"failureMessages":[],"meta":{}},{"ancestorTitles":["ORDER_STATUS_CONFIG"],"fullName":"ORDER_STATUS_CONFIG has correct colors for each status","status":"passed","title":"has correct colors for each status","duration":0.1608000000001084,"failureMessages":[],"meta":{}},{"ancestorTitles":["ORDER_STATUS_CONFIG"],"fullName":"ORDER_STATUS_CONFIG has descriptions for all statuses","status":"passed","title":"has descriptions for all statuses","duration":0.32789999999999964,"failureMessages":[],"meta":{}},{"ancestorTitles":["ORDER_STATUS_CONFIG"],"fullName":"ORDER_STATUS_CONFIG has icon names for all statuses","status":"passed","title":"has icon names for all statuses","duration":0.3164000000001579,"failureMessages":[],"meta":{}},{"ancestorTitles":["ORDER_TIMELINE"],"fullName":"ORDER_TIMELINE has correct number of timeline steps","status":"passed","title":"has correct number of timeline steps","duration":0.0965000000001055,"failureMessages":[],"meta":{}},{"ancestorTitles":["ORDER_TIMELINE"],"fullName":"ORDER_TIMELINE follows correct progression order","status":"passed","title":"follows correct progression order","duration":0.24330000000009022,"failureMessages":[],"meta":{}},{"ancestorTitles":["ORDER_TIMELINE"],"fullName":"ORDER_TIMELINE does not include cancelled in timeline","status":"passed","title":"does not include cancelled in timeline","duration":0.7996000000000549,"failureMessages":[],"meta":{}},{"ancestorTitles":["ORDER_TIMELINE"],"fullName":"ORDER_TIMELINE all timeline statuses are valid order statuses","status":"passed","title":"all timeline statuses are valid order statuses","duration":0.38479999999981374,"failureMessages":[],"meta":{}},{"ancestorTitles":["getStatusIndex"],"fullName":"getStatusIndex returns correct index for each timeline status","status":"passed","title":"returns correct index for each timeline status","duration":0.18869999999992615,"failureMessages":[],"meta":{}},{"ancestorTitles":["getStatusIndex"],"fullName":"getStatusIndex returns -1 for cancelled status","status":"passed","title":"returns -1 for cancelled status","duration":0.06939999999985957,"failureMessages":[],"meta":{}},{"ancestorTitles":["isStatusPast"],"fullName":"isStatusPast returns true when check status is before current status","status":"passed","title":"returns true when check status is before current status","duration":0.10569999999984248,"failureMessages":[],"meta":{}},{"ancestorTitles":["isStatusPast"],"fullName":"isStatusPast returns false when check status is current or future","status":"passed","title":"returns false when check status is current or future","duration":0.12819999999987886,"failureMessages":[],"meta":{}},{"ancestorTitles":["isStatusPast"],"fullName":"isStatusPast handles edge cases correctly","status":"passed","title":"handles edge cases correctly","duration":0.07930000000010295,"failureMessages":[],"meta":{}},{"ancestorTitles":["isStatusCurrent"],"fullName":"isStatusCurrent returns true when statuses match","status":"passed","title":"returns true when statuses match","duration":0.09320000000002437,"failureMessages":[],"meta":{}},{"ancestorTitles":["isStatusCurrent"],"fullName":"isStatusCurrent returns false when statuses do not match","status":"passed","title":"returns false when statuses do not match","duration":0.06989999999996144,"failureMessages":[],"meta":{}},{"ancestorTitles":["getNextStatus"],"fullName":"getNextStatus returns correct next status for each step","status":"passed","title":"returns correct next status for each step","duration":0.14980000000014115,"failureMessages":[],"meta":{}},{"ancestorTitles":["getNextStatus"],"fullName":"getNextStatus returns null for final status","status":"passed","title":"returns null for final status","duration":0.0702000000001135,"failureMessages":[],"meta":{}},{"ancestorTitles":["getNextStatus"],"fullName":"getNextStatus returns null for cancelled status","status":"passed","title":"returns null for cancelled status","duration":0.06809999999995853,"failureMessages":[],"meta":{}},{"ancestorTitles":["getEstimatedTimeForStatus"],"fullName":"getEstimatedTimeForStatus returns time estimates for active statuses","status":"passed","title":"returns time estimates for active statuses","duration":0.20870000000013533,"failureMessages":[],"meta":{}},{"ancestorTitles":["getEstimatedTimeForStatus"],"fullName":"getEstimatedTimeForStatus returns empty string for terminal statuses","status":"passed","title":"returns empty string for terminal statuses","duration":0.0827999999999065,"failureMessages":[],"meta":{}},{"ancestorTitles":["getEstimatedTimeForStatus"],"fullName":"getEstimatedTimeForStatus returns string for all statuses","status":"passed","title":"returns string for all statuses","duration":0.1550999999999476,"failureMessages":[],"meta":{}},{"ancestorTitles":["Type Safety"],"fullName":"Type Safety OrderStatus type accepts all valid statuses","status":"passed","title":"OrderStatus type accepts all valid statuses","duration":0.1429000000000542,"failureMessages":[],"meta":{}}],"startTime":1783904220825,"endTime":1783904220834.155,"status":"passed","message":"","name":"C:/Users/khamis/Documents/nutrio/src/lib/constants/order-status.test.ts"},{"assertionResults":[{"ancestorTitles":["Push Notification Service","Service Initialization"],"fullName":"Push Notification Service Service Initialization returns singleton instance","status":"passed","title":"returns singleton instance","duration":1.8908000000001266,"failureMessages":[],"meta":{}},{"ancestorTitles":["Push Notification Service","initialize()"],"fullName":"Push Notification Service initialize() skips initialization on web platform","status":"passed","title":"skips initialization on web platform","duration":0.7029999999999745,"failureMessages":[],"meta":{}},{"ancestorTitles":["Push Notification Service","initialize()"],"fullName":"Push Notification Service initialize() checks permissions on native platform","status":"passed","title":"checks permissions on native platform","duration":0.2623000000000957,"failureMessages":[],"meta":{}},{"ancestorTitles":["Push Notification Service","initialize()"],"fullName":"Push Notification Service initialize() requests permissions when status is prompt","status":"passed","title":"requests permissions when status is prompt","duration":0.27690000000006876,"failureMessages":[],"meta":{}},{"ancestorTitles":["Push Notification Service","initialize()"],"fullName":"Push Notification Service initialize() registers for push notifications when permission granted","status":"passed","title":"registers for push notifications when permission granted","duration":0.1798999999998614,"failureMessages":[],"meta":{}},{"ancestorTitles":["Push Notification Service","initialize()"],"fullName":"Push Notification Service initialize() does not register if permission denied","status":"passed","title":"does not register if permission denied","duration":0.8472000000001572,"failureMessages":[],"meta":{}},{"ancestorTitles":["Push Notification Service","Token Registration"],"fullName":"Push Notification Service Token Registration saves token to database on registration","status":"passed","title":"saves token to database on registration","duration":2.09050000000002,"failureMessages":[],"meta":{}},{"ancestorTitles":["Push Notification Service","Token Registration"],"fullName":"Push Notification Service Token Registration does not save token if user not authenticated","status":"passed","title":"does not save token if user not authenticated","duration":0.5087000000000899,"failureMessages":[],"meta":{}},{"ancestorTitles":["Push Notification Service","Token Registration"],"fullName":"Push Notification Service Token Registration stores token locally on registration","status":"passed","title":"stores token locally on registration","duration":0.294399999999996,"failureMessages":[],"meta":{}},{"ancestorTitles":["Push Notification Service","Token Registration"],"fullName":"Push Notification Service Token Registration handles registration errors gracefully","status":"passed","title":"handles registration errors gracefully","duration":0.6973000000000411,"failureMessages":[],"meta":{}},{"ancestorTitles":["Push Notification Service","Notification Handling"],"fullName":"Push Notification Service Notification Handling registers listener for push notifications received","status":"passed","title":"registers listener for push notifications received","duration":0.7228000000000065,"failureMessages":[],"meta":{}},{"ancestorTitles":["Push Notification Service","Notification Handling"],"fullName":"Push Notification Service Notification Handling registers listener for push notification actions","status":"passed","title":"registers listener for push notification actions","duration":0.47199999999998,"failureMessages":[],"meta":{}},{"ancestorTitles":["Push Notification Service","Notification Handling"],"fullName":"Push Notification Service Notification Handling registers listener for registration events","status":"passed","title":"registers listener for registration events","duration":0.2964999999999236,"failureMessages":[],"meta":{}},{"ancestorTitles":["Push Notification Service","Notification Navigation"],"fullName":"Push Notification Service Notification Navigation navigates to tracking page for order_update","status":"passed","title":"navigates to tracking page for order_update","duration":0.2920000000001437,"failureMessages":[],"meta":{}},{"ancestorTitles":["Push Notification Service","Notification Navigation"],"fullName":"Push Notification Service Notification Navigation navigates to tracking page for delivery_update","status":"passed","title":"navigates to tracking page for delivery_update","duration":0.12920000000008258,"failureMessages":[],"meta":{}},{"ancestorTitles":["Push Notification Service","Notification Navigation"],"fullName":"Push Notification Service Notification Navigation navigates to meals page for promotion","status":"passed","title":"navigates to meals page for promotion","duration":0.10949999999979809,"failureMessages":[],"meta":{}},{"ancestorTitles":["Push Notification Service","Notification Navigation"],"fullName":"Push Notification Service Notification Navigation navigates to schedule page for reminder","status":"passed","title":"navigates to schedule page for reminder","duration":0.10930000000007567,"failureMessages":[],"meta":{}},{"ancestorTitles":["Push Notification Service","Notification Navigation"],"fullName":"Push Notification Service Notification Navigation handles missing orderId gracefully","status":"passed","title":"handles missing orderId gracefully","duration":0.0807999999999538,"failureMessages":[],"meta":{}},{"ancestorTitles":["Push Notification Service","Token Management"],"fullName":"Push Notification Service Token Management returns null token before initialization","status":"passed","title":"returns null token before initialization","duration":0.10779999999999745,"failureMessages":[],"meta":{}},{"ancestorTitles":["Push Notification Service","Token Management"],"fullName":"Push Notification Service Token Management returns stored token after registration","status":"passed","title":"returns stored token after registration","duration":0.18870000000015352,"failureMessages":[],"meta":{}},{"ancestorTitles":["Push Notification Service","Platform Support"],"fullName":"Push Notification Service Platform Support handles iOS platform","status":"passed","title":"handles iOS platform","duration":0.4442999999998847,"failureMessages":[],"meta":{}},{"ancestorTitles":["Push Notification Service","Platform Support"],"fullName":"Push Notification Service Platform Support handles Android platform","status":"passed","title":"handles Android platform","duration":0.30189999999993233,"failureMessages":[],"meta":{}}],"startTime":1783904218783,"endTime":1783904218794.4443,"status":"passed","message":"","name":"C:/Users/khamis/Documents/nutrio/src/lib/notifications/push.test.ts"},{"assertionResults":[{"ancestorTitles":["Critical User Flows Integration Tests","Meal Completion Flow"],"fullName":"Critical User Flows Integration Tests Meal Completion Flow should complete a meal and update progress atomically","status":"passed","title":"should complete a meal and update progress atomically","duration":2.5008000000000266,"failureMessages":[],"meta":{}},{"ancestorTitles":["Critical User Flows Integration Tests","Meal Completion Flow"],"fullName":"Critical User Flows Integration Tests Meal Completion Flow should handle concurrent meal completions without double counting","status":"failed","title":"should handle concurrent meal completions without double counting","duration":4.199100000000044,"failureMessages":["AssertionError: expected 0 to be greater than or equal to 1\n    at C:/Users/khamis/Documents/nutrio/src/test/integration/critical-flows.test.tsx:62:26\n    at processTicksAndRejections (node:internal/process/task_queues:103:5)\n    at file:///C:/Users/khamis/Documents/nutrio/node_modules/@vitest/runner/dist/index.js:915:20"],"meta":{}},{"ancestorTitles":["Critical User Flows Integration Tests","Payment Flow"],"fullName":"Critical User Flows Integration Tests Payment Flow credits a wallet only after a checksum-verified SADAD sandbox callback","status":"todo","title":"credits a wallet only after a checksum-verified SADAD sandbox callback","failureMessages":[],"meta":{}},{"ancestorTitles":["Critical User Flows Integration Tests","Payment Flow"],"fullName":"Critical User Flows Integration Tests Payment Flow returns already_processed for concurrent callbacks with the same provider transaction","status":"todo","title":"returns already_processed for concurrent callbacks with the same provider transaction","failureMessages":[],"meta":{}},{"ancestorTitles":["Critical User Flows Integration Tests","Cancellation Flow"],"fullName":"Critical User Flows Integration Tests Cancellation Flow should process cancellation with all 4 steps","status":"passed","title":"should process cancellation with all 4 steps","duration":0.5031000000001313,"failureMessages":[],"meta":{}},{"ancestorTitles":["Critical User Flows Integration Tests","Subscription Management"],"fullName":"Critical User Flows Integration Tests Subscription Management activates an annual plan only after a verified payment","status":"todo","title":"activates an annual plan only after a verified payment","failureMessages":[],"meta":{}},{"ancestorTitles":["Critical User Flows Integration Tests","Subscription Management"],"fullName":"Critical User Flows Integration Tests Subscription Management atomically charges the wallet and applies proration during a plan change","status":"todo","title":"atomically charges the wallet and applies proration during a plan change","failureMessages":[],"meta":{}},{"ancestorTitles":["Critical User Flows Integration Tests","Review System"],"fullName":"Critical User Flows Integration Tests Review System should submit meal review","status":"passed","title":"should submit meal review","duration":0.3454999999999018,"failureMessages":[],"meta":{}},{"ancestorTitles":["Critical User Flows Integration Tests","Review System"],"fullName":"Critical User Flows Integration Tests Review System should calculate meal rating","status":"passed","title":"should calculate meal rating","duration":0.2638000000001739,"failureMessages":[],"meta":{}}],"startTime":1783904200787,"endTime":1783904200795.264,"status":"failed","message":"","name":"C:/Users/khamis/Documents/nutrio/src/test/integration/critical-flows.test.tsx"}]}